2022-12-20 12:32:02,008 INFO o.s.b.SpringApplication [main] The following 1 profile is active: "alone"
2022-12-20 12:32:03,284 INFO o.s.d.r.c.RepositoryConfigurationDelegate [main] Bootstrapping Spring Data JPA repositories in DEFAULT mode.
2022-12-20 12:32:03,580 INFO o.s.d.r.c.RepositoryConfigurationDelegate [main] Finished Spring Data repository scanning in 283 ms. Found 1 JPA repository interfaces.
2022-12-20 12:32:04,103 INFO o.s.c.c.s.GenericScope [main] BeanFactory id=539539e9-fb75-3ae1-8e0b-e566533d4c07
2022-12-20 12:32:04,959 INFO o.s.b.w.e.t.TomcatWebServer [main] Tomcat initialized with port(s): 9000 (http)
2022-12-20 12:32:04,983 INFO o.a.j.l.DirectJDKLog [main] Starting service [Tomcat]
2022-12-20 12:32:04,984 INFO o.a.j.l.DirectJDKLog [main] Starting Servlet engine: [Apache Tomcat/10.1.1]
2022-12-20 12:32:05,221 INFO o.a.j.l.DirectJDKLog [main] Initializing Spring embedded WebApplicationContext
2022-12-20 12:32:05,223 INFO o.s.b.w.s.c.ServletWebServerApplicationContext [main] Root WebApplicationContext: initialization completed in 3176 ms
2022-12-20 12:32:05,278 INFO c.z.h.HikariDataSource [main] HikariPool-1 - Starting...
2022-12-20 12:32:05,690 INFO c.z.h.p.HikariPool [main] HikariPool-1 - Added connection conn0: url=jdbc:h2:mem:junit_db user=SA
2022-12-20 12:32:05,693 INFO c.z.h.HikariDataSource [main] HikariPool-1 - Start completed.
2022-12-20 12:32:05,719 INFO o.s.b.a.h.H2ConsoleAutoConfiguration [main] H2 console available at '/h2-console'. Database available at 'jdbc:h2:mem:junit_db'
2022-12-20 12:32:06,010 INFO o.h.j.i.u.LogHelper [main] HHH000204: Processing PersistenceUnitInfo [name: default]
2022-12-20 12:32:06,147 INFO o.h.Version [main] HHH000412: Hibernate ORM core version 6.1.5.Final
2022-12-20 12:32:06,508 WARN o.h.b.i.MetadataBuilderImpl$MetadataBuildingOptionsImpl [main] HHH90000021: Encountered deprecated setting [javax.persistence.sharedCache.mode], use [jakarta.persistence.sharedCache.mode] instead
2022-12-20 12:32:06,713 INFO o.h.e.j.d.i.DialectFactoryImpl [main] HHH000400: Using dialect: org.hibernate.dialect.H2Dialect
2022-12-20 12:32:07,689 INFO o.h.e.t.j.p.i.JtaPlatformInitiator [main] HHH000490: Using JtaPlatform implementation: [org.hibernate.engine.transaction.jta.platform.internal.NoJtaPlatform]
2022-12-20 12:32:07,698 INFO o.s.o.j.AbstractEntityManagerFactoryBean [main] Initialized JPA EntityManagerFactory for persistence unit 'default'
2022-12-20 12:32:12,427 WARN o.s.b.a.o.j.JpaBaseConfiguration$JpaWebConfiguration [main] spring.jpa.open-in-view is enabled by default. Therefore, database queries may be performed during view rendering. Explicitly configure spring.jpa.open-in-view to disable this warning
2022-12-20 12:32:13,318 INFO o.s.c.n.e.c.DiscoveryClientOptionalArgsConfiguration [main] Eureka HTTP Client uses RestTemplate.
2022-12-20 12:32:13,689 INFO o.s.c.f.w.m.FunctionHandlerMapping [main] FunctionCatalog: org.springframework.cloud.function.context.catalog.BeanFactoryAwareFunctionRegistry@2e1003d9
2022-12-20 12:32:13,727 WARN o.s.c.l.c.LoadBalancerCacheAutoConfiguration$LoadBalancerCaffeineWarnLogger [main] Spring Cloud LoadBalancer is currently working with the default cache. While this cache implementation is useful for development and tests, it's recommended to use Caffeine cache in production.You can switch to using Caffeine cache, by adding it and org.springframework.cache.caffeine.CaffeineCacheManager to the classpath.
2022-12-20 12:32:13,768 INFO o.s.c.n.e.InstanceInfoFactory [main] Setting initial instance status as: STARTING
2022-12-20 12:32:13,821 INFO c.n.d.DiscoveryClient [main] Initializing Eureka in region us-east-1
2022-12-20 12:32:13,821 INFO c.n.d.DiscoveryClient [main] Client configured to neither register nor query for data.
2022-12-20 12:32:13,838 INFO c.n.d.DiscoveryClient [main] Discovery Client initialized at timestamp 1671561133836 with initial instances count: 0
2022-12-20 12:32:13,846 INFO o.s.c.n.e.s.EurekaServiceRegistry [main] Registering application ACCOUNT-SERVICE with eureka with status UP
2022-12-20 12:32:13,888 INFO o.s.b.w.e.t.TomcatWebServer [main] Tomcat started on port(s): 9000 (http) with context path ''
2022-12-20 12:32:13,890 INFO o.s.c.n.e.s.EurekaAutoServiceRegistration [main] Updating port to 9000
2022-12-20 12:32:14,141 INFO o.s.b.StartupInfoLogger [main] Started AccountService in 13.671 seconds (process running for 15.856)
2022-12-20 12:32:16,319 INFO o.s.c.n.e.s.EurekaServiceRegistry [SpringApplicationShutdownHook] Unregistering application ACCOUNT-SERVICE with eureka with status DOWN
2022-12-20 12:32:16,346 INFO o.s.o.j.AbstractEntityManagerFactoryBean [SpringApplicationShutdownHook] Closing JPA EntityManagerFactory for persistence unit 'default'
2022-12-20 12:32:16,349 INFO c.z.h.HikariDataSource [SpringApplicationShutdownHook] HikariPool-1 - Shutdown initiated...
2022-12-20 12:32:16,355 INFO c.z.h.HikariDataSource [SpringApplicationShutdownHook] HikariPool-1 - Shutdown completed.
2022-12-20 12:32:16,355 INFO c.n.d.DiscoveryClient [SpringApplicationShutdownHook] Shutting down DiscoveryClient ...
2022-12-20 12:32:16,436 INFO c.n.d.DiscoveryClient [SpringApplicationShutdownHook] Completed shut down of DiscoveryClient
