2022-12-11 16:14:12,926 INFO o.s.b.StartupInfoLogger [main] Starting AccountModule using Java 17.0.5 with PID 12876 (C:\GEN_SPARK\PROJECT\training_diary\account_module\target\classes started by User in C:\GEN_SPARK\PROJECT\training_diary\account_module)
2022-12-11 16:14:12,931 INFO o.s.b.SpringApplication [main] No active profile set, falling back to 1 default profile: "default"
2022-12-11 16:14:13,991 INFO o.s.d.r.c.RepositoryConfigurationDelegate [main] Bootstrapping Spring Data JPA repositories in DEFAULT mode.
2022-12-11 16:14:14,100 INFO o.s.d.r.c.RepositoryConfigurationDelegate [main] Finished Spring Data repository scanning in 95 ms. Found 1 JPA repository interfaces.
2022-12-11 16:14:14,985 INFO o.s.b.w.e.t.TomcatWebServer [main] Tomcat initialized with port(s): 9000 (http)
2022-12-11 16:14:15,001 INFO o.a.j.l.DirectJDKLog [main] Starting service [Tomcat]
2022-12-11 16:14:15,002 INFO o.a.j.l.DirectJDKLog [main] Starting Servlet engine: [Apache Tomcat/10.1.1]
2022-12-11 16:14:15,136 INFO o.a.j.l.DirectJDKLog [main] Initializing Spring embedded WebApplicationContext
2022-12-11 16:14:15,139 INFO o.s.b.w.s.c.ServletWebServerApplicationContext [main] Root WebApplicationContext: initialization completed in 2126 ms
2022-12-11 16:14:15,174 INFO c.z.h.HikariDataSource [main] HikariPool-1 - Starting...
2022-12-11 16:14:15,428 INFO c.z.h.p.HikariPool [main] HikariPool-1 - Added connection conn0: url=jdbc:h2:mem:junit_db user=SA
2022-12-11 16:14:15,430 INFO c.z.h.HikariDataSource [main] HikariPool-1 - Start completed.
2022-12-11 16:14:15,452 INFO o.s.b.a.h.H2ConsoleAutoConfiguration [main] H2 console available at '/h2-console'. Database available at 'jdbc:h2:mem:junit_db'
2022-12-11 16:14:15,702 INFO o.h.j.i.u.LogHelper [main] HHH000204: Processing PersistenceUnitInfo [name: default]
2022-12-11 16:14:15,788 INFO o.h.Version [main] HHH000412: Hibernate ORM core version 6.1.5.Final
2022-12-11 16:14:16,021 WARN o.h.b.i.MetadataBuilderImpl$MetadataBuildingOptionsImpl [main] HHH90000021: Encountered deprecated setting [javax.persistence.sharedCache.mode], use [jakarta.persistence.sharedCache.mode] instead
2022-12-11 16:14:16,213 INFO o.h.e.j.d.i.DialectFactoryImpl [main] HHH000400: Using dialect: org.hibernate.dialect.H2Dialect
2022-12-11 16:14:16,985 INFO o.h.e.t.j.p.i.JtaPlatformInitiator [main] HHH000490: Using JtaPlatform implementation: [org.hibernate.engine.transaction.jta.platform.internal.NoJtaPlatform]
2022-12-11 16:14:16,993 INFO o.s.o.j.AbstractEntityManagerFactoryBean [main] Initialized JPA EntityManagerFactory for persistence unit 'default'
2022-12-11 16:14:17,379 WARN o.s.c.s.AbstractApplicationContext [main] Exception encountered during context initialization - cancelling refresh attempt: org.springframework.beans.factory.UnsatisfiedDependencyException: Error creating bean with name 'myController' defined in file [C:\GEN_SPARK\PROJECT\training_diary\account_module\target\classes\com\skachko\entities\rest\api_case\MyController.class]: Unsatisfied dependency expressed through constructor parameter 0: Error creating bean with name 'myService' defined in file [C:\GEN_SPARK\PROJECT\training_diary\account_module\target\classes\com\skachko\entities\rest\api_case\MyService.class]: Unsatisfied dependency expressed through constructor parameter 0: Error creating bean with name 'myRepository' defined in file [C:\GEN_SPARK\PROJECT\training_diary\account_module\target\classes\com\skachko\entities\rest\api_case\MyRepository.class]: Unsatisfied dependency expressed through constructor parameter 1: No qualifying bean of type 'java.util.function.Function<com.skachko.entities.rest.api_case.api.IMyEntity, com.skachko.entities.rest.api_case.MyEntity>' available: expected at least 1 bean which qualifies as autowire candidate. Dependency annotations: {}
2022-12-11 16:14:17,380 INFO o.s.o.j.AbstractEntityManagerFactoryBean [main] Closing JPA EntityManagerFactory for persistence unit 'default'
2022-12-11 16:14:17,381 INFO o.h.t.s.i.SchemaDropperImpl$DelayedDropActionImpl [main] HHH000477: Starting delayed evictData of schema as part of SessionFactory shut-down'
2022-12-11 16:14:17,387 INFO c.z.h.HikariDataSource [main] HikariPool-1 - Shutdown initiated...
2022-12-11 16:14:17,391 INFO c.z.h.HikariDataSource [main] HikariPool-1 - Shutdown completed.
2022-12-11 16:14:17,393 INFO o.a.j.l.DirectJDKLog [main] Stopping service [Tomcat]
2022-12-11 16:14:17,412 INFO o.s.b.a.l.ConditionEvaluationReportLogger [main] 

Error starting ApplicationContext. To display the condition evaluation report re-run your application with 'debug' enabled.
2022-12-11 16:14:17,444 ERROR o.s.b.d.LoggingFailureAnalysisReporter [main] 

***************************
APPLICATION FAILED TO START
***************************

Description:

Parameter 1 of constructor in com.skachko.entities.rest.api_case.MyRepository required a bean of type 'java.util.function.Function' that could not be found.


Action:

Consider defining a bean of type 'java.util.function.Function' in your configuration.

2022-12-11 16:21:48,985 INFO o.s.b.StartupInfoLogger [main] Starting AccountModule using Java 17.0.5 with PID 18580 (C:\GEN_SPARK\PROJECT\training_diary\account_module\target\classes started by User in C:\GEN_SPARK\PROJECT\training_diary\account_module)
2022-12-11 16:21:48,993 INFO o.s.b.SpringApplication [main] No active profile set, falling back to 1 default profile: "default"
2022-12-11 16:21:49,789 INFO o.s.d.r.c.RepositoryConfigurationDelegate [main] Bootstrapping Spring Data JPA repositories in DEFAULT mode.
2022-12-11 16:21:49,873 INFO o.s.d.r.c.RepositoryConfigurationDelegate [main] Finished Spring Data repository scanning in 74 ms. Found 1 JPA repository interfaces.
2022-12-11 16:21:50,669 INFO o.s.b.w.e.t.TomcatWebServer [main] Tomcat initialized with port(s): 9000 (http)
2022-12-11 16:21:50,683 INFO o.a.j.l.DirectJDKLog [main] Starting service [Tomcat]
2022-12-11 16:21:50,684 INFO o.a.j.l.DirectJDKLog [main] Starting Servlet engine: [Apache Tomcat/10.1.1]
2022-12-11 16:21:50,818 INFO o.a.j.l.DirectJDKLog [main] Initializing Spring embedded WebApplicationContext
2022-12-11 16:21:50,820 INFO o.s.b.w.s.c.ServletWebServerApplicationContext [main] Root WebApplicationContext: initialization completed in 1757 ms
2022-12-11 16:21:50,867 INFO c.z.h.HikariDataSource [main] HikariPool-1 - Starting...
2022-12-11 16:21:51,092 INFO c.z.h.p.HikariPool [main] HikariPool-1 - Added connection conn0: url=jdbc:h2:mem:junit_db user=SA
2022-12-11 16:21:51,095 INFO c.z.h.HikariDataSource [main] HikariPool-1 - Start completed.
2022-12-11 16:21:51,114 INFO o.s.b.a.h.H2ConsoleAutoConfiguration [main] H2 console available at '/h2-console'. Database available at 'jdbc:h2:mem:junit_db'
2022-12-11 16:21:51,294 INFO o.h.j.i.u.LogHelper [main] HHH000204: Processing PersistenceUnitInfo [name: default]
2022-12-11 16:21:51,358 INFO o.h.Version [main] HHH000412: Hibernate ORM core version 6.1.5.Final
2022-12-11 16:21:51,565 WARN o.h.b.i.MetadataBuilderImpl$MetadataBuildingOptionsImpl [main] HHH90000021: Encountered deprecated setting [javax.persistence.sharedCache.mode], use [jakarta.persistence.sharedCache.mode] instead
2022-12-11 16:21:51,720 INFO o.h.e.j.d.i.DialectFactoryImpl [main] HHH000400: Using dialect: org.hibernate.dialect.H2Dialect
2022-12-11 16:21:52,497 INFO o.h.e.t.j.p.i.JtaPlatformInitiator [main] HHH000490: Using JtaPlatform implementation: [org.hibernate.engine.transaction.jta.platform.internal.NoJtaPlatform]
2022-12-11 16:21:52,506 INFO o.s.o.j.AbstractEntityManagerFactoryBean [main] Initialized JPA EntityManagerFactory for persistence unit 'default'
2022-12-11 16:21:52,955 WARN o.s.c.s.AbstractApplicationContext [main] Exception encountered during context initialization - cancelling refresh attempt: org.springframework.beans.factory.BeanCreationException: Error creating bean with name 'defaultCriteriaToHibernateSpecificationConverter' defined in file [C:\GEN_SPARK\PROJECT\training_diary\account_module\target\classes\com\skachko\libraries\search\DefaultCriteriaToHibernateSpecificationConverter.class]: Failed to instantiate [com.skachko.libraries.search.DefaultCriteriaToHibernateSpecificationConverter]: Constructor threw exception
2022-12-11 16:21:52,956 INFO o.s.o.j.AbstractEntityManagerFactoryBean [main] Closing JPA EntityManagerFactory for persistence unit 'default'
2022-12-11 16:21:52,957 INFO o.h.t.s.i.SchemaDropperImpl$DelayedDropActionImpl [main] HHH000477: Starting delayed evictData of schema as part of SessionFactory shut-down'
2022-12-11 16:21:52,961 INFO c.z.h.HikariDataSource [main] HikariPool-1 - Shutdown initiated...
2022-12-11 16:21:52,964 INFO c.z.h.HikariDataSource [main] HikariPool-1 - Shutdown completed.
2022-12-11 16:21:52,966 INFO o.a.j.l.DirectJDKLog [main] Stopping service [Tomcat]
2022-12-11 16:21:52,980 INFO o.s.b.a.l.ConditionEvaluationReportLogger [main] 

Error starting ApplicationContext. To display the condition evaluation report re-run your application with 'debug' enabled.
2022-12-11 16:21:52,998 ERROR o.s.b.SpringApplication [main] Application run failed
org.springframework.beans.factory.BeanCreationException: Error creating bean with name 'defaultCriteriaToHibernateSpecificationConverter' defined in file [C:\GEN_SPARK\PROJECT\training_diary\account_module\target\classes\com\skachko\libraries\search\DefaultCriteriaToHibernateSpecificationConverter.class]: Failed to instantiate [com.skachko.libraries.search.DefaultCriteriaToHibernateSpecificationConverter]: Constructor threw exception
	at org.springframework.beans.factory.support.ConstructorResolver.instantiate(ConstructorResolver.java:321)
	at org.springframework.beans.factory.support.ConstructorResolver.autowireConstructor(ConstructorResolver.java:309)
	at org.springframework.beans.factory.support.AbstractAutowireCapableBeanFactory.autowireConstructor(AbstractAutowireCapableBeanFactory.java:1344)
	at org.springframework.beans.factory.support.AbstractAutowireCapableBeanFactory.createBeanInstance(AbstractAutowireCapableBeanFactory.java:1188)
	at org.springframework.beans.factory.support.AbstractAutowireCapableBeanFactory.doCreateBean(AbstractAutowireCapableBeanFactory.java:561)
	at org.springframework.beans.factory.support.AbstractAutowireCapableBeanFactory.createBean(AbstractAutowireCapableBeanFactory.java:521)
	at org.springframework.beans.factory.support.AbstractBeanFactory.lambda$doGetBean$0(AbstractBeanFactory.java:326)
	at org.springframework.beans.factory.support.DefaultSingletonBeanRegistry.getSingleton(DefaultSingletonBeanRegistry.java:234)
	at org.springframework.beans.factory.support.AbstractBeanFactory.doGetBean(AbstractBeanFactory.java:324)
	at org.springframework.beans.factory.support.AbstractBeanFactory.getBean(AbstractBeanFactory.java:200)
	at org.springframework.beans.factory.support.DefaultListableBeanFactory.preInstantiateSingletons(DefaultListableBeanFactory.java:961)
	at org.springframework.context.support.AbstractApplicationContext.finishBeanFactoryInitialization(AbstractApplicationContext.java:915)
	at org.springframework.context.support.AbstractApplicationContext.refresh(AbstractApplicationContext.java:584)
	at org.springframework.boot.web.servlet.context.ServletWebServerApplicationContext.refresh(ServletWebServerApplicationContext.java:146)
	at org.springframework.boot.SpringApplication.refresh(SpringApplication.java:730)
	at org.springframework.boot.SpringApplication.refreshContext(SpringApplication.java:432)
	at org.springframework.boot.SpringApplication.run(SpringApplication.java:308)
	at org.springframework.boot.SpringApplication.run(SpringApplication.java:1302)
	at org.springframework.boot.SpringApplication.run(SpringApplication.java:1291)
	at com.skachko.AccountService.main(AccountModule.java:9)
Caused by: org.springframework.beans.BeanInstantiationException: Failed to instantiate [com.skachko.libraries.search.DefaultCriteriaToHibernateSpecificationConverter]: Constructor threw exception
	at org.springframework.beans.BeanUtils.instantiateClass(BeanUtils.java:223)
	at org.springframework.beans.factory.support.SimpleInstantiationStrategy.instantiate(SimpleInstantiationStrategy.java:110)
	at org.springframework.beans.factory.support.ConstructorResolver.instantiate(ConstructorResolver.java:318)
	... 19 common frames omitted
Caused by: java.lang.ClassCastException: class sun.reflect.generics.reflectiveObjects.TypeVariableImpl cannot be cast to class java.lang.Class (sun.reflect.generics.reflectiveObjects.TypeVariableImpl and java.lang.Class are in module java.base of loader 'bootstrap')
	at com.skachko.libraries.search.api.ACriteriaToSpecificationConverter.initEntityParameters(ACriteriaToSpecificationConverter.java:226)
	at com.skachko.libraries.search.api.ACriteriaToSpecificationConverter.<init>(ACriteriaToSpecificationConverter.java:20)
	at com.skachko.libraries.search.DefaultCriteriaToHibernateSpecificationConverter.<init>(DefaultCriteriaToHibernateSpecificationConverter.java:11)
	at java.base/jdk.internal.reflect.NativeConstructorAccessorImpl.newInstance0(Native Method)
	at java.base/jdk.internal.reflect.NativeConstructorAccessorImpl.newInstance(NativeConstructorAccessorImpl.java:77)
	at java.base/jdk.internal.reflect.DelegatingConstructorAccessorImpl.newInstance(DelegatingConstructorAccessorImpl.java:45)
	at java.base/java.lang.reflect.Constructor.newInstanceWithCaller(Constructor.java:499)
	at java.base/java.lang.reflect.Constructor.newInstance(Constructor.java:480)
	at org.springframework.beans.BeanUtils.instantiateClass(BeanUtils.java:210)
	... 21 common frames omitted
2022-12-11 16:23:05,600 INFO o.s.b.StartupInfoLogger [main] Starting AccountModule using Java 17.0.5 with PID 16356 (C:\GEN_SPARK\PROJECT\training_diary\account_module\target\classes started by User in C:\GEN_SPARK\PROJECT\training_diary\account_module)
2022-12-11 16:23:05,608 INFO o.s.b.SpringApplication [main] No active profile set, falling back to 1 default profile: "default"
2022-12-11 16:23:06,370 INFO o.s.d.r.c.RepositoryConfigurationDelegate [main] Bootstrapping Spring Data JPA repositories in DEFAULT mode.
2022-12-11 16:23:06,455 INFO o.s.d.r.c.RepositoryConfigurationDelegate [main] Finished Spring Data repository scanning in 73 ms. Found 1 JPA repository interfaces.
2022-12-11 16:23:07,203 INFO o.s.b.w.e.t.TomcatWebServer [main] Tomcat initialized with port(s): 9000 (http)
2022-12-11 16:23:07,216 INFO o.a.j.l.DirectJDKLog [main] Starting service [Tomcat]
2022-12-11 16:23:07,216 INFO o.a.j.l.DirectJDKLog [main] Starting Servlet engine: [Apache Tomcat/10.1.1]
2022-12-11 16:23:07,339 INFO o.a.j.l.DirectJDKLog [main] Initializing Spring embedded WebApplicationContext
2022-12-11 16:23:07,342 INFO o.s.b.w.s.c.ServletWebServerApplicationContext [main] Root WebApplicationContext: initialization completed in 1669 ms
2022-12-11 16:23:07,374 INFO c.z.h.HikariDataSource [main] HikariPool-1 - Starting...
2022-12-11 16:23:07,578 INFO c.z.h.p.HikariPool [main] HikariPool-1 - Added connection conn0: url=jdbc:h2:mem:junit_db user=SA
2022-12-11 16:23:07,580 INFO c.z.h.HikariDataSource [main] HikariPool-1 - Start completed.
2022-12-11 16:23:07,593 INFO o.s.b.a.h.H2ConsoleAutoConfiguration [main] H2 console available at '/h2-console'. Database available at 'jdbc:h2:mem:junit_db'
2022-12-11 16:23:07,796 INFO o.h.j.i.u.LogHelper [main] HHH000204: Processing PersistenceUnitInfo [name: default]
2022-12-11 16:23:07,868 INFO o.h.Version [main] HHH000412: Hibernate ORM core version 6.1.5.Final
2022-12-11 16:23:08,085 WARN o.h.b.i.MetadataBuilderImpl$MetadataBuildingOptionsImpl [main] HHH90000021: Encountered deprecated setting [javax.persistence.sharedCache.mode], use [jakarta.persistence.sharedCache.mode] instead
2022-12-11 16:23:08,240 INFO o.h.e.j.d.i.DialectFactoryImpl [main] HHH000400: Using dialect: org.hibernate.dialect.H2Dialect
2022-12-11 16:23:09,041 INFO o.h.e.t.j.p.i.JtaPlatformInitiator [main] HHH000490: Using JtaPlatform implementation: [org.hibernate.engine.transaction.jta.platform.internal.NoJtaPlatform]
2022-12-11 16:23:09,050 INFO o.s.o.j.AbstractEntityManagerFactoryBean [main] Initialized JPA EntityManagerFactory for persistence unit 'default'
2022-12-11 16:23:34,946 WARN o.s.c.s.AbstractApplicationContext [main] Exception encountered during context initialization - cancelling refresh attempt: org.springframework.beans.factory.BeanCreationException: Error creating bean with name 'defaultCriteriaToHibernateSpecificationConverter' defined in file [C:\GEN_SPARK\PROJECT\training_diary\account_module\target\classes\com\skachko\libraries\search\DefaultCriteriaToHibernateSpecificationConverter.class]: Failed to instantiate [com.skachko.libraries.search.DefaultCriteriaToHibernateSpecificationConverter]: Constructor threw exception
2022-12-11 16:23:34,947 INFO o.s.o.j.AbstractEntityManagerFactoryBean [main] Closing JPA EntityManagerFactory for persistence unit 'default'
2022-12-11 16:23:34,948 INFO o.h.t.s.i.SchemaDropperImpl$DelayedDropActionImpl [main] HHH000477: Starting delayed evictData of schema as part of SessionFactory shut-down'
2022-12-11 16:23:34,951 INFO c.z.h.HikariDataSource [main] HikariPool-1 - Shutdown initiated...
2022-12-11 16:23:34,954 INFO c.z.h.HikariDataSource [main] HikariPool-1 - Shutdown completed.
2022-12-11 16:23:34,956 INFO o.a.j.l.DirectJDKLog [main] Stopping service [Tomcat]
2022-12-11 16:23:34,969 INFO o.s.b.a.l.ConditionEvaluationReportLogger [main] 

Error starting ApplicationContext. To display the condition evaluation report re-run your application with 'debug' enabled.
2022-12-11 16:23:34,986 ERROR o.s.b.SpringApplication [main] Application run failed
org.springframework.beans.factory.BeanCreationException: Error creating bean with name 'defaultCriteriaToHibernateSpecificationConverter' defined in file [C:\GEN_SPARK\PROJECT\training_diary\account_module\target\classes\com\skachko\libraries\search\DefaultCriteriaToHibernateSpecificationConverter.class]: Failed to instantiate [com.skachko.libraries.search.DefaultCriteriaToHibernateSpecificationConverter]: Constructor threw exception
	at org.springframework.beans.factory.support.ConstructorResolver.instantiate(ConstructorResolver.java:321)
	at org.springframework.beans.factory.support.ConstructorResolver.autowireConstructor(ConstructorResolver.java:309)
	at org.springframework.beans.factory.support.AbstractAutowireCapableBeanFactory.autowireConstructor(AbstractAutowireCapableBeanFactory.java:1344)
	at org.springframework.beans.factory.support.AbstractAutowireCapableBeanFactory.createBeanInstance(AbstractAutowireCapableBeanFactory.java:1188)
	at org.springframework.beans.factory.support.AbstractAutowireCapableBeanFactory.doCreateBean(AbstractAutowireCapableBeanFactory.java:561)
	at org.springframework.beans.factory.support.AbstractAutowireCapableBeanFactory.createBean(AbstractAutowireCapableBeanFactory.java:521)
	at org.springframework.beans.factory.support.AbstractBeanFactory.lambda$doGetBean$0(AbstractBeanFactory.java:326)
	at org.springframework.beans.factory.support.DefaultSingletonBeanRegistry.getSingleton(DefaultSingletonBeanRegistry.java:234)
	at org.springframework.beans.factory.support.AbstractBeanFactory.doGetBean(AbstractBeanFactory.java:324)
	at org.springframework.beans.factory.support.AbstractBeanFactory.getBean(AbstractBeanFactory.java:200)
	at org.springframework.beans.factory.support.DefaultListableBeanFactory.preInstantiateSingletons(DefaultListableBeanFactory.java:961)
	at org.springframework.context.support.AbstractApplicationContext.finishBeanFactoryInitialization(AbstractApplicationContext.java:915)
	at org.springframework.context.support.AbstractApplicationContext.refresh(AbstractApplicationContext.java:584)
	at org.springframework.boot.web.servlet.context.ServletWebServerApplicationContext.refresh(ServletWebServerApplicationContext.java:146)
	at org.springframework.boot.SpringApplication.refresh(SpringApplication.java:730)
	at org.springframework.boot.SpringApplication.refreshContext(SpringApplication.java:432)
	at org.springframework.boot.SpringApplication.run(SpringApplication.java:308)
	at org.springframework.boot.SpringApplication.run(SpringApplication.java:1302)
	at org.springframework.boot.SpringApplication.run(SpringApplication.java:1291)
	at com.skachko.AccountService.main(AccountModule.java:9)
Caused by: org.springframework.beans.BeanInstantiationException: Failed to instantiate [com.skachko.libraries.search.DefaultCriteriaToHibernateSpecificationConverter]: Constructor threw exception
	at org.springframework.beans.BeanUtils.instantiateClass(BeanUtils.java:223)
	at org.springframework.beans.factory.support.SimpleInstantiationStrategy.instantiate(SimpleInstantiationStrategy.java:110)
	at org.springframework.beans.factory.support.ConstructorResolver.instantiate(ConstructorResolver.java:318)
	... 19 common frames omitted
Caused by: java.lang.ClassCastException: class sun.reflect.generics.reflectiveObjects.TypeVariableImpl cannot be cast to class java.lang.Class (sun.reflect.generics.reflectiveObjects.TypeVariableImpl and java.lang.Class are in module java.base of loader 'bootstrap')
	at com.skachko.libraries.search.api.ACriteriaToSpecificationConverter.initEntityParameters(ACriteriaToSpecificationConverter.java:226)
	at com.skachko.libraries.search.api.ACriteriaToSpecificationConverter.<init>(ACriteriaToSpecificationConverter.java:20)
	at com.skachko.libraries.search.DefaultCriteriaToHibernateSpecificationConverter.<init>(DefaultCriteriaToHibernateSpecificationConverter.java:11)
	at java.base/jdk.internal.reflect.NativeConstructorAccessorImpl.newInstance0(Native Method)
	at java.base/jdk.internal.reflect.NativeConstructorAccessorImpl.newInstance(NativeConstructorAccessorImpl.java:77)
	at java.base/jdk.internal.reflect.DelegatingConstructorAccessorImpl.newInstance(DelegatingConstructorAccessorImpl.java:45)
	at java.base/java.lang.reflect.Constructor.newInstanceWithCaller(Constructor.java:499)
	at java.base/java.lang.reflect.Constructor.newInstance(Constructor.java:480)
	at org.springframework.beans.BeanUtils.instantiateClass(BeanUtils.java:210)
	... 21 common frames omitted
2022-12-11 16:28:47,447 INFO o.s.b.StartupInfoLogger [main] Starting AccountModule using Java 17.0.5 with PID 15516 (C:\GEN_SPARK\PROJECT\training_diary\account_module\target\classes started by User in C:\GEN_SPARK\PROJECT\training_diary\account_module)
2022-12-11 16:28:47,453 INFO o.s.b.SpringApplication [main] No active profile set, falling back to 1 default profile: "default"
2022-12-11 16:28:48,245 INFO o.s.d.r.c.RepositoryConfigurationDelegate [main] Bootstrapping Spring Data JPA repositories in DEFAULT mode.
2022-12-11 16:28:48,337 INFO o.s.d.r.c.RepositoryConfigurationDelegate [main] Finished Spring Data repository scanning in 80 ms. Found 1 JPA repository interfaces.
2022-12-11 16:28:49,127 INFO o.s.b.w.e.t.TomcatWebServer [main] Tomcat initialized with port(s): 9000 (http)
2022-12-11 16:28:49,140 INFO o.a.j.l.DirectJDKLog [main] Starting service [Tomcat]
2022-12-11 16:28:49,141 INFO o.a.j.l.DirectJDKLog [main] Starting Servlet engine: [Apache Tomcat/10.1.1]
2022-12-11 16:28:49,282 INFO o.a.j.l.DirectJDKLog [main] Initializing Spring embedded WebApplicationContext
2022-12-11 16:28:49,285 INFO o.s.b.w.s.c.ServletWebServerApplicationContext [main] Root WebApplicationContext: initialization completed in 1780 ms
2022-12-11 16:28:49,318 INFO c.z.h.HikariDataSource [main] HikariPool-1 - Starting...
2022-12-11 16:28:49,545 INFO c.z.h.p.HikariPool [main] HikariPool-1 - Added connection conn0: url=jdbc:h2:mem:junit_db user=SA
2022-12-11 16:28:49,548 INFO c.z.h.HikariDataSource [main] HikariPool-1 - Start completed.
2022-12-11 16:28:49,570 INFO o.s.b.a.h.H2ConsoleAutoConfiguration [main] H2 console available at '/h2-console'. Database available at 'jdbc:h2:mem:junit_db'
2022-12-11 16:28:49,779 INFO o.h.j.i.u.LogHelper [main] HHH000204: Processing PersistenceUnitInfo [name: default]
2022-12-11 16:28:49,843 INFO o.h.Version [main] HHH000412: Hibernate ORM core version 6.1.5.Final
2022-12-11 16:28:50,043 WARN o.h.b.i.MetadataBuilderImpl$MetadataBuildingOptionsImpl [main] HHH90000021: Encountered deprecated setting [javax.persistence.sharedCache.mode], use [jakarta.persistence.sharedCache.mode] instead
2022-12-11 16:28:50,206 INFO o.h.e.j.d.i.DialectFactoryImpl [main] HHH000400: Using dialect: org.hibernate.dialect.H2Dialect
2022-12-11 16:28:51,013 INFO o.h.e.t.j.p.i.JtaPlatformInitiator [main] HHH000490: Using JtaPlatform implementation: [org.hibernate.engine.transaction.jta.platform.internal.NoJtaPlatform]
2022-12-11 16:28:51,021 INFO o.s.o.j.AbstractEntityManagerFactoryBean [main] Initialized JPA EntityManagerFactory for persistence unit 'default'
2022-12-11 16:28:54,420 WARN o.s.c.s.AbstractApplicationContext [main] Exception encountered during context initialization - cancelling refresh attempt: org.springframework.beans.factory.UnsatisfiedDependencyException: Error creating bean with name 'myController' defined in file [C:\GEN_SPARK\PROJECT\training_diary\account_module\target\classes\com\skachko\entities\rest\api_case\MyController.class]: Unsatisfied dependency expressed through constructor parameter 0: Error creating bean with name 'myService' defined in file [C:\GEN_SPARK\PROJECT\training_diary\account_module\target\classes\com\skachko\entities\rest\api_case\MyService.class]: Unsatisfied dependency expressed through constructor parameter 0: Error creating bean with name 'myRepository' defined in file [C:\GEN_SPARK\PROJECT\training_diary\account_module\target\classes\com\skachko\entities\rest\api_case\MyRepository.class]: Failed to instantiate [com.skachko.entities.rest.api_case.MyRepository]: Constructor threw exception
2022-12-11 16:28:54,421 INFO o.s.o.j.AbstractEntityManagerFactoryBean [main] Closing JPA EntityManagerFactory for persistence unit 'default'
2022-12-11 16:28:54,421 INFO o.h.t.s.i.SchemaDropperImpl$DelayedDropActionImpl [main] HHH000477: Starting delayed evictData of schema as part of SessionFactory shut-down'
2022-12-11 16:28:54,426 INFO c.z.h.HikariDataSource [main] HikariPool-1 - Shutdown initiated...
2022-12-11 16:28:54,429 INFO c.z.h.HikariDataSource [main] HikariPool-1 - Shutdown completed.
2022-12-11 16:28:54,431 INFO o.a.j.l.DirectJDKLog [main] Stopping service [Tomcat]
2022-12-11 16:28:54,441 INFO o.s.b.a.l.ConditionEvaluationReportLogger [main] 

Error starting ApplicationContext. To display the condition evaluation report re-run your application with 'debug' enabled.
2022-12-11 16:28:54,458 ERROR o.s.b.SpringApplication [main] Application run failed
org.springframework.beans.factory.UnsatisfiedDependencyException: Error creating bean with name 'myController' defined in file [C:\GEN_SPARK\PROJECT\training_diary\account_module\target\classes\com\skachko\entities\rest\api_case\MyController.class]: Unsatisfied dependency expressed through constructor parameter 0: Error creating bean with name 'myService' defined in file [C:\GEN_SPARK\PROJECT\training_diary\account_module\target\classes\com\skachko\entities\rest\api_case\MyService.class]: Unsatisfied dependency expressed through constructor parameter 0: Error creating bean with name 'myRepository' defined in file [C:\GEN_SPARK\PROJECT\training_diary\account_module\target\classes\com\skachko\entities\rest\api_case\MyRepository.class]: Failed to instantiate [com.skachko.entities.rest.api_case.MyRepository]: Constructor threw exception
	at org.springframework.beans.factory.support.ConstructorResolver.createArgumentArray(ConstructorResolver.java:793)
	at org.springframework.beans.factory.support.ConstructorResolver.autowireConstructor(ConstructorResolver.java:242)
	at org.springframework.beans.factory.support.AbstractAutowireCapableBeanFactory.autowireConstructor(AbstractAutowireCapableBeanFactory.java:1344)
	at org.springframework.beans.factory.support.AbstractAutowireCapableBeanFactory.createBeanInstance(AbstractAutowireCapableBeanFactory.java:1188)
	at org.springframework.beans.factory.support.AbstractAutowireCapableBeanFactory.doCreateBean(AbstractAutowireCapableBeanFactory.java:561)
	at org.springframework.beans.factory.support.AbstractAutowireCapableBeanFactory.createBean(AbstractAutowireCapableBeanFactory.java:521)
	at org.springframework.beans.factory.support.AbstractBeanFactory.lambda$doGetBean$0(AbstractBeanFactory.java:326)
	at org.springframework.beans.factory.support.DefaultSingletonBeanRegistry.getSingleton(DefaultSingletonBeanRegistry.java:234)
	at org.springframework.beans.factory.support.AbstractBeanFactory.doGetBean(AbstractBeanFactory.java:324)
	at org.springframework.beans.factory.support.AbstractBeanFactory.getBean(AbstractBeanFactory.java:200)
	at org.springframework.beans.factory.support.DefaultListableBeanFactory.preInstantiateSingletons(DefaultListableBeanFactory.java:961)
	at org.springframework.context.support.AbstractApplicationContext.finishBeanFactoryInitialization(AbstractApplicationContext.java:915)
	at org.springframework.context.support.AbstractApplicationContext.refresh(AbstractApplicationContext.java:584)
	at org.springframework.boot.web.servlet.context.ServletWebServerApplicationContext.refresh(ServletWebServerApplicationContext.java:146)
	at org.springframework.boot.SpringApplication.refresh(SpringApplication.java:730)
	at org.springframework.boot.SpringApplication.refreshContext(SpringApplication.java:432)
	at org.springframework.boot.SpringApplication.run(SpringApplication.java:308)
	at org.springframework.boot.SpringApplication.run(SpringApplication.java:1302)
	at org.springframework.boot.SpringApplication.run(SpringApplication.java:1291)
	at com.skachko.AccountService.main(AccountModule.java:9)
Caused by: org.springframework.beans.factory.UnsatisfiedDependencyException: Error creating bean with name 'myService' defined in file [C:\GEN_SPARK\PROJECT\training_diary\account_module\target\classes\com\skachko\entities\rest\api_case\MyService.class]: Unsatisfied dependency expressed through constructor parameter 0: Error creating bean with name 'myRepository' defined in file [C:\GEN_SPARK\PROJECT\training_diary\account_module\target\classes\com\skachko\entities\rest\api_case\MyRepository.class]: Failed to instantiate [com.skachko.entities.rest.api_case.MyRepository]: Constructor threw exception
	at org.springframework.beans.factory.support.ConstructorResolver.createArgumentArray(ConstructorResolver.java:793)
	at org.springframework.beans.factory.support.ConstructorResolver.autowireConstructor(ConstructorResolver.java:242)
	at org.springframework.beans.factory.support.AbstractAutowireCapableBeanFactory.autowireConstructor(AbstractAutowireCapableBeanFactory.java:1344)
	at org.springframework.beans.factory.support.AbstractAutowireCapableBeanFactory.createBeanInstance(AbstractAutowireCapableBeanFactory.java:1188)
	at org.springframework.beans.factory.support.AbstractAutowireCapableBeanFactory.doCreateBean(AbstractAutowireCapableBeanFactory.java:561)
	at org.springframework.beans.factory.support.AbstractAutowireCapableBeanFactory.createBean(AbstractAutowireCapableBeanFactory.java:521)
	at org.springframework.beans.factory.support.AbstractBeanFactory.lambda$doGetBean$0(AbstractBeanFactory.java:326)
	at org.springframework.beans.factory.support.DefaultSingletonBeanRegistry.getSingleton(DefaultSingletonBeanRegistry.java:234)
	at org.springframework.beans.factory.support.AbstractBeanFactory.doGetBean(AbstractBeanFactory.java:324)
	at org.springframework.beans.factory.support.AbstractBeanFactory.getBean(AbstractBeanFactory.java:200)
	at org.springframework.beans.factory.config.DependencyDescriptor.resolveCandidate(DependencyDescriptor.java:254)
	at org.springframework.beans.factory.support.DefaultListableBeanFactory.doResolveDependency(DefaultListableBeanFactory.java:1405)
	at org.springframework.beans.factory.support.DefaultListableBeanFactory.resolveDependency(DefaultListableBeanFactory.java:1325)
	at org.springframework.beans.factory.support.ConstructorResolver.resolveAutowiredArgument(ConstructorResolver.java:880)
	at org.springframework.beans.factory.support.ConstructorResolver.createArgumentArray(ConstructorResolver.java:784)
	... 19 common frames omitted
Caused by: org.springframework.beans.factory.BeanCreationException: Error creating bean with name 'myRepository' defined in file [C:\GEN_SPARK\PROJECT\training_diary\account_module\target\classes\com\skachko\entities\rest\api_case\MyRepository.class]: Failed to instantiate [com.skachko.entities.rest.api_case.MyRepository]: Constructor threw exception
	at org.springframework.beans.factory.support.ConstructorResolver.instantiate(ConstructorResolver.java:321)
	at org.springframework.beans.factory.support.ConstructorResolver.autowireConstructor(ConstructorResolver.java:309)
	at org.springframework.beans.factory.support.AbstractAutowireCapableBeanFactory.autowireConstructor(AbstractAutowireCapableBeanFactory.java:1344)
	at org.springframework.beans.factory.support.AbstractAutowireCapableBeanFactory.createBeanInstance(AbstractAutowireCapableBeanFactory.java:1188)
	at org.springframework.beans.factory.support.AbstractAutowireCapableBeanFactory.doCreateBean(AbstractAutowireCapableBeanFactory.java:561)
	at org.springframework.beans.factory.support.AbstractAutowireCapableBeanFactory.createBean(AbstractAutowireCapableBeanFactory.java:521)
	at org.springframework.beans.factory.support.AbstractBeanFactory.lambda$doGetBean$0(AbstractBeanFactory.java:326)
	at org.springframework.beans.factory.support.DefaultSingletonBeanRegistry.getSingleton(DefaultSingletonBeanRegistry.java:234)
	at org.springframework.beans.factory.support.AbstractBeanFactory.doGetBean(AbstractBeanFactory.java:324)
	at org.springframework.beans.factory.support.AbstractBeanFactory.getBean(AbstractBeanFactory.java:200)
	at org.springframework.beans.factory.config.DependencyDescriptor.resolveCandidate(DependencyDescriptor.java:254)
	at org.springframework.beans.factory.support.DefaultListableBeanFactory.doResolveDependency(DefaultListableBeanFactory.java:1405)
	at org.springframework.beans.factory.support.DefaultListableBeanFactory.resolveDependency(DefaultListableBeanFactory.java:1325)
	at org.springframework.beans.factory.support.ConstructorResolver.resolveAutowiredArgument(ConstructorResolver.java:880)
	at org.springframework.beans.factory.support.ConstructorResolver.createArgumentArray(ConstructorResolver.java:784)
	... 33 common frames omitted
Caused by: org.springframework.beans.BeanInstantiationException: Failed to instantiate [com.skachko.entities.rest.api_case.MyRepository]: Constructor threw exception
	at org.springframework.beans.BeanUtils.instantiateClass(BeanUtils.java:223)
	at org.springframework.beans.factory.support.SimpleInstantiationStrategy.instantiate(SimpleInstantiationStrategy.java:110)
	at org.springframework.beans.factory.support.ConstructorResolver.instantiate(ConstructorResolver.java:318)
	... 47 common frames omitted
Caused by: java.lang.ClassCastException: class sun.reflect.generics.reflectiveObjects.TypeVariableImpl cannot be cast to class java.lang.Class (sun.reflect.generics.reflectiveObjects.TypeVariableImpl and java.lang.Class are in module java.base of loader 'bootstrap')
	at com.skachko.libraries.search.api.ACriteriaToSpecificationConverter.initEntityParameters(ACriteriaToSpecificationConverter.java:226)
	at com.skachko.libraries.search.api.ACriteriaToSpecificationConverter.<init>(ACriteriaToSpecificationConverter.java:20)
	at com.skachko.libraries.search.DefaultCriteriaToHibernateSpecificationConverter.<init>(DefaultCriteriaToHibernateSpecificationConverter.java:9)
	at com.skachko.libraries.mvc.api.AbstractJpaProjectionRepository.<init>(AbstractJpaProjectionRepository.java:35)
	at com.skachko.entities.rest.api_case.MyRepository.<init>(MyRepository.java:18)
	at java.base/jdk.internal.reflect.NativeConstructorAccessorImpl.newInstance0(Native Method)
	at java.base/jdk.internal.reflect.NativeConstructorAccessorImpl.newInstance(NativeConstructorAccessorImpl.java:77)
	at java.base/jdk.internal.reflect.DelegatingConstructorAccessorImpl.newInstance(DelegatingConstructorAccessorImpl.java:45)
	at java.base/java.lang.reflect.Constructor.newInstanceWithCaller(Constructor.java:499)
	at java.base/java.lang.reflect.Constructor.newInstance(Constructor.java:480)
	at org.springframework.beans.BeanUtils.instantiateClass(BeanUtils.java:210)
	... 49 common frames omitted
2022-12-11 16:40:12,523 INFO o.s.b.StartupInfoLogger [main] Starting AccountModule using Java 17.0.5 with PID 1248 (C:\GEN_SPARK\PROJECT\training_diary\account_module\target\classes started by User in C:\GEN_SPARK\PROJECT\training_diary\account_module)
2022-12-11 16:40:12,531 INFO o.s.b.SpringApplication [main] No active profile set, falling back to 1 default profile: "default"
2022-12-11 16:40:13,324 INFO o.s.d.r.c.RepositoryConfigurationDelegate [main] Bootstrapping Spring Data JPA repositories in DEFAULT mode.
2022-12-11 16:40:13,408 INFO o.s.d.r.c.RepositoryConfigurationDelegate [main] Finished Spring Data repository scanning in 74 ms. Found 1 JPA repository interfaces.
2022-12-11 16:40:14,153 INFO o.s.b.w.e.t.TomcatWebServer [main] Tomcat initialized with port(s): 9000 (http)
2022-12-11 16:40:14,163 INFO o.a.j.l.DirectJDKLog [main] Starting service [Tomcat]
2022-12-11 16:40:14,164 INFO o.a.j.l.DirectJDKLog [main] Starting Servlet engine: [Apache Tomcat/10.1.1]
2022-12-11 16:40:14,283 INFO o.a.j.l.DirectJDKLog [main] Initializing Spring embedded WebApplicationContext
2022-12-11 16:40:14,286 INFO o.s.b.w.s.c.ServletWebServerApplicationContext [main] Root WebApplicationContext: initialization completed in 1686 ms
2022-12-11 16:40:14,319 INFO c.z.h.HikariDataSource [main] HikariPool-1 - Starting...
2022-12-11 16:40:14,560 INFO c.z.h.p.HikariPool [main] HikariPool-1 - Added connection conn0: url=jdbc:h2:mem:junit_db user=SA
2022-12-11 16:40:14,563 INFO c.z.h.HikariDataSource [main] HikariPool-1 - Start completed.
2022-12-11 16:40:14,579 INFO o.s.b.a.h.H2ConsoleAutoConfiguration [main] H2 console available at '/h2-console'. Database available at 'jdbc:h2:mem:junit_db'
2022-12-11 16:40:14,780 INFO o.h.j.i.u.LogHelper [main] HHH000204: Processing PersistenceUnitInfo [name: default]
2022-12-11 16:40:14,846 INFO o.h.Version [main] HHH000412: Hibernate ORM core version 6.1.5.Final
2022-12-11 16:40:15,040 WARN o.h.b.i.MetadataBuilderImpl$MetadataBuildingOptionsImpl [main] HHH90000021: Encountered deprecated setting [javax.persistence.sharedCache.mode], use [jakarta.persistence.sharedCache.mode] instead
2022-12-11 16:40:15,188 INFO o.h.e.j.d.i.DialectFactoryImpl [main] HHH000400: Using dialect: org.hibernate.dialect.H2Dialect
2022-12-11 16:40:15,955 INFO o.h.e.t.j.p.i.JtaPlatformInitiator [main] HHH000490: Using JtaPlatform implementation: [org.hibernate.engine.transaction.jta.platform.internal.NoJtaPlatform]
2022-12-11 16:40:15,963 INFO o.s.o.j.AbstractEntityManagerFactoryBean [main] Initialized JPA EntityManagerFactory for persistence unit 'default'
2022-12-11 16:40:20,385 WARN o.s.c.s.AbstractApplicationContext [main] Exception encountered during context initialization - cancelling refresh attempt: org.springframework.beans.factory.BeanCreationException: Error creating bean with name 'defaultCriteriaToHibernateSpecificationConverter' defined in file [C:\GEN_SPARK\PROJECT\training_diary\account_module\target\classes\com\skachko\libraries\search\DefaultCriteriaToHibernateSpecificationConverter.class]: class sun.reflect.generics.reflectiveObjects.TypeVariableImpl cannot be cast to class java.lang.Class (sun.reflect.generics.reflectiveObjects.TypeVariableImpl and java.lang.Class are in module java.base of loader 'bootstrap')
2022-12-11 16:40:20,386 INFO o.s.o.j.AbstractEntityManagerFactoryBean [main] Closing JPA EntityManagerFactory for persistence unit 'default'
2022-12-11 16:40:20,387 INFO o.h.t.s.i.SchemaDropperImpl$DelayedDropActionImpl [main] HHH000477: Starting delayed evictData of schema as part of SessionFactory shut-down'
2022-12-11 16:40:20,395 INFO c.z.h.HikariDataSource [main] HikariPool-1 - Shutdown initiated...
2022-12-11 16:40:20,400 INFO c.z.h.HikariDataSource [main] HikariPool-1 - Shutdown completed.
2022-12-11 16:40:20,404 INFO o.a.j.l.DirectJDKLog [main] Stopping service [Tomcat]
2022-12-11 16:40:20,426 INFO o.s.b.a.l.ConditionEvaluationReportLogger [main] 

Error starting ApplicationContext. To display the condition evaluation report re-run your application with 'debug' enabled.
2022-12-11 16:40:20,448 ERROR o.s.b.SpringApplication [main] Application run failed
org.springframework.beans.factory.BeanCreationException: Error creating bean with name 'defaultCriteriaToHibernateSpecificationConverter' defined in file [C:\GEN_SPARK\PROJECT\training_diary\account_module\target\classes\com\skachko\libraries\search\DefaultCriteriaToHibernateSpecificationConverter.class]: class sun.reflect.generics.reflectiveObjects.TypeVariableImpl cannot be cast to class java.lang.Class (sun.reflect.generics.reflectiveObjects.TypeVariableImpl and java.lang.Class are in module java.base of loader 'bootstrap')
	at org.springframework.beans.factory.support.AbstractAutowireCapableBeanFactory.initializeBean(AbstractAutowireCapableBeanFactory.java:1751)
	at org.springframework.beans.factory.support.AbstractAutowireCapableBeanFactory.doCreateBean(AbstractAutowireCapableBeanFactory.java:599)
	at org.springframework.beans.factory.support.AbstractAutowireCapableBeanFactory.createBean(AbstractAutowireCapableBeanFactory.java:521)
	at org.springframework.beans.factory.support.AbstractBeanFactory.lambda$doGetBean$0(AbstractBeanFactory.java:326)
	at org.springframework.beans.factory.support.DefaultSingletonBeanRegistry.getSingleton(DefaultSingletonBeanRegistry.java:234)
	at org.springframework.beans.factory.support.AbstractBeanFactory.doGetBean(AbstractBeanFactory.java:324)
	at org.springframework.beans.factory.support.AbstractBeanFactory.getBean(AbstractBeanFactory.java:200)
	at org.springframework.beans.factory.support.DefaultListableBeanFactory.preInstantiateSingletons(DefaultListableBeanFactory.java:961)
	at org.springframework.context.support.AbstractApplicationContext.finishBeanFactoryInitialization(AbstractApplicationContext.java:915)
	at org.springframework.context.support.AbstractApplicationContext.refresh(AbstractApplicationContext.java:584)
	at org.springframework.boot.web.servlet.context.ServletWebServerApplicationContext.refresh(ServletWebServerApplicationContext.java:146)
	at org.springframework.boot.SpringApplication.refresh(SpringApplication.java:730)
	at org.springframework.boot.SpringApplication.refreshContext(SpringApplication.java:432)
	at org.springframework.boot.SpringApplication.run(SpringApplication.java:308)
	at org.springframework.boot.SpringApplication.run(SpringApplication.java:1302)
	at org.springframework.boot.SpringApplication.run(SpringApplication.java:1291)
	at com.skachko.AccountService.main(AccountModule.java:9)
Caused by: java.lang.ClassCastException: class sun.reflect.generics.reflectiveObjects.TypeVariableImpl cannot be cast to class java.lang.Class (sun.reflect.generics.reflectiveObjects.TypeVariableImpl and java.lang.Class are in module java.base of loader 'bootstrap')
	at com.skachko.libraries.search.api.ACriteriaToSpecificationConverter.initEntityParameters(ACriteriaToSpecificationConverter.java:226)
	at com.skachko.libraries.search.api.ACriteriaToSpecificationConverter.afterPropertiesSet(ACriteriaToSpecificationConverter.java:266)
	at org.springframework.beans.factory.support.AbstractAutowireCapableBeanFactory.invokeInitMethods(AbstractAutowireCapableBeanFactory.java:1797)
	at org.springframework.beans.factory.support.AbstractAutowireCapableBeanFactory.initializeBean(AbstractAutowireCapableBeanFactory.java:1747)
	... 16 common frames omitted
2022-12-11 16:42:07,919 INFO o.s.b.StartupInfoLogger [main] Starting AccountModule using Java 17.0.5 with PID 5712 (C:\GEN_SPARK\PROJECT\training_diary\account_module\target\classes started by User in C:\GEN_SPARK\PROJECT\training_diary\account_module)
2022-12-11 16:42:07,926 INFO o.s.b.SpringApplication [main] No active profile set, falling back to 1 default profile: "default"
2022-12-11 16:42:08,677 INFO o.s.d.r.c.RepositoryConfigurationDelegate [main] Bootstrapping Spring Data JPA repositories in DEFAULT mode.
2022-12-11 16:42:08,770 INFO o.s.d.r.c.RepositoryConfigurationDelegate [main] Finished Spring Data repository scanning in 81 ms. Found 1 JPA repository interfaces.
2022-12-11 16:42:09,526 INFO o.s.b.w.e.t.TomcatWebServer [main] Tomcat initialized with port(s): 9000 (http)
2022-12-11 16:42:09,539 INFO o.a.j.l.DirectJDKLog [main] Starting service [Tomcat]
2022-12-11 16:42:09,540 INFO o.a.j.l.DirectJDKLog [main] Starting Servlet engine: [Apache Tomcat/10.1.1]
2022-12-11 16:42:09,686 INFO o.a.j.l.DirectJDKLog [main] Initializing Spring embedded WebApplicationContext
2022-12-11 16:42:09,688 INFO o.s.b.w.s.c.ServletWebServerApplicationContext [main] Root WebApplicationContext: initialization completed in 1699 ms
2022-12-11 16:42:09,733 INFO c.z.h.HikariDataSource [main] HikariPool-1 - Starting...
2022-12-11 16:42:09,947 INFO c.z.h.p.HikariPool [main] HikariPool-1 - Added connection conn0: url=jdbc:h2:mem:junit_db user=SA
2022-12-11 16:42:09,950 INFO c.z.h.HikariDataSource [main] HikariPool-1 - Start completed.
2022-12-11 16:42:09,973 INFO o.s.b.a.h.H2ConsoleAutoConfiguration [main] H2 console available at '/h2-console'. Database available at 'jdbc:h2:mem:junit_db'
2022-12-11 16:42:10,157 INFO o.h.j.i.u.LogHelper [main] HHH000204: Processing PersistenceUnitInfo [name: default]
2022-12-11 16:42:10,222 INFO o.h.Version [main] HHH000412: Hibernate ORM core version 6.1.5.Final
2022-12-11 16:42:10,423 WARN o.h.b.i.MetadataBuilderImpl$MetadataBuildingOptionsImpl [main] HHH90000021: Encountered deprecated setting [javax.persistence.sharedCache.mode], use [jakarta.persistence.sharedCache.mode] instead
2022-12-11 16:42:10,580 INFO o.h.e.j.d.i.DialectFactoryImpl [main] HHH000400: Using dialect: org.hibernate.dialect.H2Dialect
2022-12-11 16:42:11,365 INFO o.h.e.t.j.p.i.JtaPlatformInitiator [main] HHH000490: Using JtaPlatform implementation: [org.hibernate.engine.transaction.jta.platform.internal.NoJtaPlatform]
2022-12-11 16:42:11,373 INFO o.s.o.j.AbstractEntityManagerFactoryBean [main] Initialized JPA EntityManagerFactory for persistence unit 'default'
2022-12-11 16:43:07,328 WARN o.s.c.s.AbstractApplicationContext [main] Exception encountered during context initialization - cancelling refresh attempt: org.springframework.beans.factory.BeanCreationException: Error creating bean with name 'defaultCriteriaToHibernateSpecificationConverter' defined in file [C:\GEN_SPARK\PROJECT\training_diary\account_module\target\classes\com\skachko\libraries\search\DefaultCriteriaToHibernateSpecificationConverter.class]: class sun.reflect.generics.reflectiveObjects.TypeVariableImpl cannot be cast to class java.lang.Class (sun.reflect.generics.reflectiveObjects.TypeVariableImpl and java.lang.Class are in module java.base of loader 'bootstrap')
2022-12-11 16:43:07,328 INFO o.s.o.j.AbstractEntityManagerFactoryBean [main] Closing JPA EntityManagerFactory for persistence unit 'default'
2022-12-11 16:43:07,329 INFO o.h.t.s.i.SchemaDropperImpl$DelayedDropActionImpl [main] HHH000477: Starting delayed evictData of schema as part of SessionFactory shut-down'
2022-12-11 16:43:07,333 INFO c.z.h.HikariDataSource [main] HikariPool-1 - Shutdown initiated...
2022-12-11 16:43:07,335 INFO c.z.h.HikariDataSource [main] HikariPool-1 - Shutdown completed.
2022-12-11 16:43:07,337 INFO o.a.j.l.DirectJDKLog [main] Stopping service [Tomcat]
2022-12-11 16:43:07,346 INFO o.s.b.a.l.ConditionEvaluationReportLogger [main] 

Error starting ApplicationContext. To display the condition evaluation report re-run your application with 'debug' enabled.
2022-12-11 16:43:07,362 ERROR o.s.b.SpringApplication [main] Application run failed
org.springframework.beans.factory.BeanCreationException: Error creating bean with name 'defaultCriteriaToHibernateSpecificationConverter' defined in file [C:\GEN_SPARK\PROJECT\training_diary\account_module\target\classes\com\skachko\libraries\search\DefaultCriteriaToHibernateSpecificationConverter.class]: class sun.reflect.generics.reflectiveObjects.TypeVariableImpl cannot be cast to class java.lang.Class (sun.reflect.generics.reflectiveObjects.TypeVariableImpl and java.lang.Class are in module java.base of loader 'bootstrap')
	at org.springframework.beans.factory.support.AbstractAutowireCapableBeanFactory.initializeBean(AbstractAutowireCapableBeanFactory.java:1751)
	at org.springframework.beans.factory.support.AbstractAutowireCapableBeanFactory.doCreateBean(AbstractAutowireCapableBeanFactory.java:599)
	at org.springframework.beans.factory.support.AbstractAutowireCapableBeanFactory.createBean(AbstractAutowireCapableBeanFactory.java:521)
	at org.springframework.beans.factory.support.AbstractBeanFactory.lambda$doGetBean$0(AbstractBeanFactory.java:326)
	at org.springframework.beans.factory.support.DefaultSingletonBeanRegistry.getSingleton(DefaultSingletonBeanRegistry.java:234)
	at org.springframework.beans.factory.support.AbstractBeanFactory.doGetBean(AbstractBeanFactory.java:324)
	at org.springframework.beans.factory.support.AbstractBeanFactory.getBean(AbstractBeanFactory.java:200)
	at org.springframework.beans.factory.support.DefaultListableBeanFactory.preInstantiateSingletons(DefaultListableBeanFactory.java:961)
	at org.springframework.context.support.AbstractApplicationContext.finishBeanFactoryInitialization(AbstractApplicationContext.java:915)
	at org.springframework.context.support.AbstractApplicationContext.refresh(AbstractApplicationContext.java:584)
	at org.springframework.boot.web.servlet.context.ServletWebServerApplicationContext.refresh(ServletWebServerApplicationContext.java:146)
	at org.springframework.boot.SpringApplication.refresh(SpringApplication.java:730)
	at org.springframework.boot.SpringApplication.refreshContext(SpringApplication.java:432)
	at org.springframework.boot.SpringApplication.run(SpringApplication.java:308)
	at org.springframework.boot.SpringApplication.run(SpringApplication.java:1302)
	at org.springframework.boot.SpringApplication.run(SpringApplication.java:1291)
	at com.skachko.AccountService.main(AccountModule.java:9)
Caused by: java.lang.ClassCastException: class sun.reflect.generics.reflectiveObjects.TypeVariableImpl cannot be cast to class java.lang.Class (sun.reflect.generics.reflectiveObjects.TypeVariableImpl and java.lang.Class are in module java.base of loader 'bootstrap')
	at com.skachko.libraries.search.api.ACriteriaToSpecificationConverter.initEntityParameters(ACriteriaToSpecificationConverter.java:226)
	at com.skachko.libraries.search.api.ACriteriaToSpecificationConverter.afterPropertiesSet(ACriteriaToSpecificationConverter.java:266)
	at org.springframework.beans.factory.support.AbstractAutowireCapableBeanFactory.invokeInitMethods(AbstractAutowireCapableBeanFactory.java:1797)
	at org.springframework.beans.factory.support.AbstractAutowireCapableBeanFactory.initializeBean(AbstractAutowireCapableBeanFactory.java:1747)
	... 16 common frames omitted
2022-12-11 16:49:28,997 INFO o.s.b.StartupInfoLogger [main] Starting AccountModule using Java 17.0.5 with PID 18084 (C:\GEN_SPARK\PROJECT\training_diary\account_module\target\classes started by User in C:\GEN_SPARK\PROJECT\training_diary\account_module)
2022-12-11 16:49:29,005 INFO o.s.b.SpringApplication [main] No active profile set, falling back to 1 default profile: "default"
2022-12-11 16:49:29,818 INFO o.s.d.r.c.RepositoryConfigurationDelegate [main] Bootstrapping Spring Data JPA repositories in DEFAULT mode.
2022-12-11 16:49:29,901 INFO o.s.d.r.c.RepositoryConfigurationDelegate [main] Finished Spring Data repository scanning in 73 ms. Found 1 JPA repository interfaces.
2022-12-11 16:49:30,638 INFO o.s.b.w.e.t.TomcatWebServer [main] Tomcat initialized with port(s): 9000 (http)
2022-12-11 16:49:30,651 INFO o.a.j.l.DirectJDKLog [main] Starting service [Tomcat]
2022-12-11 16:49:30,652 INFO o.a.j.l.DirectJDKLog [main] Starting Servlet engine: [Apache Tomcat/10.1.1]
2022-12-11 16:49:30,770 INFO o.a.j.l.DirectJDKLog [main] Initializing Spring embedded WebApplicationContext
2022-12-11 16:49:30,772 INFO o.s.b.w.s.c.ServletWebServerApplicationContext [main] Root WebApplicationContext: initialization completed in 1697 ms
2022-12-11 16:49:30,810 INFO c.z.h.HikariDataSource [main] HikariPool-1 - Starting...
2022-12-11 16:49:31,019 INFO c.z.h.p.HikariPool [main] HikariPool-1 - Added connection conn0: url=jdbc:h2:mem:junit_db user=SA
2022-12-11 16:49:31,023 INFO c.z.h.HikariDataSource [main] HikariPool-1 - Start completed.
2022-12-11 16:49:31,047 INFO o.s.b.a.h.H2ConsoleAutoConfiguration [main] H2 console available at '/h2-console'. Database available at 'jdbc:h2:mem:junit_db'
2022-12-11 16:49:31,263 INFO o.h.j.i.u.LogHelper [main] HHH000204: Processing PersistenceUnitInfo [name: default]
2022-12-11 16:49:31,322 INFO o.h.Version [main] HHH000412: Hibernate ORM core version 6.1.5.Final
2022-12-11 16:49:31,519 WARN o.h.b.i.MetadataBuilderImpl$MetadataBuildingOptionsImpl [main] HHH90000021: Encountered deprecated setting [javax.persistence.sharedCache.mode], use [jakarta.persistence.sharedCache.mode] instead
2022-12-11 16:49:31,677 INFO o.h.e.j.d.i.DialectFactoryImpl [main] HHH000400: Using dialect: org.hibernate.dialect.H2Dialect
2022-12-11 16:49:32,446 INFO o.h.e.t.j.p.i.JtaPlatformInitiator [main] HHH000490: Using JtaPlatform implementation: [org.hibernate.engine.transaction.jta.platform.internal.NoJtaPlatform]
2022-12-11 16:49:32,453 INFO o.s.o.j.AbstractEntityManagerFactoryBean [main] Initialized JPA EntityManagerFactory for persistence unit 'default'
2022-12-11 16:50:19,719 WARN c.z.h.p.HikariPool$HouseKeeper [HikariPool-1 housekeeper] HikariPool-1 - Thread starvation or clock leap detected (housekeeper delta=48s593ms870s900ns).
2022-12-11 16:50:22,155 WARN o.s.c.s.AbstractApplicationContext [main] Exception encountered during context initialization - cancelling refresh attempt: org.springframework.beans.factory.BeanCreationException: Error creating bean with name 'defaultCriteriaToHibernateSpecificationConverter' defined in file [C:\GEN_SPARK\PROJECT\training_diary\account_module\target\classes\com\skachko\libraries\search\DefaultCriteriaToHibernateSpecificationConverter.class]: class sun.reflect.generics.reflectiveObjects.TypeVariableImpl cannot be cast to class java.lang.Class (sun.reflect.generics.reflectiveObjects.TypeVariableImpl and java.lang.Class are in module java.base of loader 'bootstrap')
2022-12-11 16:50:22,155 INFO o.s.o.j.AbstractEntityManagerFactoryBean [main] Closing JPA EntityManagerFactory for persistence unit 'default'
2022-12-11 16:50:22,156 INFO o.h.t.s.i.SchemaDropperImpl$DelayedDropActionImpl [main] HHH000477: Starting delayed evictData of schema as part of SessionFactory shut-down'
2022-12-11 16:50:22,160 INFO c.z.h.HikariDataSource [main] HikariPool-1 - Shutdown initiated...
2022-12-11 16:50:22,163 INFO c.z.h.HikariDataSource [main] HikariPool-1 - Shutdown completed.
2022-12-11 16:50:22,164 INFO o.a.j.l.DirectJDKLog [main] Stopping service [Tomcat]
2022-12-11 16:50:22,175 INFO o.s.b.a.l.ConditionEvaluationReportLogger [main] 

Error starting ApplicationContext. To display the condition evaluation report re-run your application with 'debug' enabled.
2022-12-11 16:50:22,191 ERROR o.s.b.SpringApplication [main] Application run failed
org.springframework.beans.factory.BeanCreationException: Error creating bean with name 'defaultCriteriaToHibernateSpecificationConverter' defined in file [C:\GEN_SPARK\PROJECT\training_diary\account_module\target\classes\com\skachko\libraries\search\DefaultCriteriaToHibernateSpecificationConverter.class]: class sun.reflect.generics.reflectiveObjects.TypeVariableImpl cannot be cast to class java.lang.Class (sun.reflect.generics.reflectiveObjects.TypeVariableImpl and java.lang.Class are in module java.base of loader 'bootstrap')
	at org.springframework.beans.factory.support.AbstractAutowireCapableBeanFactory.initializeBean(AbstractAutowireCapableBeanFactory.java:1751)
	at org.springframework.beans.factory.support.AbstractAutowireCapableBeanFactory.doCreateBean(AbstractAutowireCapableBeanFactory.java:599)
	at org.springframework.beans.factory.support.AbstractAutowireCapableBeanFactory.createBean(AbstractAutowireCapableBeanFactory.java:521)
	at org.springframework.beans.factory.support.AbstractBeanFactory.lambda$doGetBean$0(AbstractBeanFactory.java:326)
	at org.springframework.beans.factory.support.DefaultSingletonBeanRegistry.getSingleton(DefaultSingletonBeanRegistry.java:234)
	at org.springframework.beans.factory.support.AbstractBeanFactory.doGetBean(AbstractBeanFactory.java:324)
	at org.springframework.beans.factory.support.AbstractBeanFactory.getBean(AbstractBeanFactory.java:200)
	at org.springframework.beans.factory.support.DefaultListableBeanFactory.preInstantiateSingletons(DefaultListableBeanFactory.java:961)
	at org.springframework.context.support.AbstractApplicationContext.finishBeanFactoryInitialization(AbstractApplicationContext.java:915)
	at org.springframework.context.support.AbstractApplicationContext.refresh(AbstractApplicationContext.java:584)
	at org.springframework.boot.web.servlet.context.ServletWebServerApplicationContext.refresh(ServletWebServerApplicationContext.java:146)
	at org.springframework.boot.SpringApplication.refresh(SpringApplication.java:730)
	at org.springframework.boot.SpringApplication.refreshContext(SpringApplication.java:432)
	at org.springframework.boot.SpringApplication.run(SpringApplication.java:308)
	at org.springframework.boot.SpringApplication.run(SpringApplication.java:1302)
	at org.springframework.boot.SpringApplication.run(SpringApplication.java:1291)
	at com.skachko.AccountService.main(AccountModule.java:9)
Caused by: java.lang.ClassCastException: class sun.reflect.generics.reflectiveObjects.TypeVariableImpl cannot be cast to class java.lang.Class (sun.reflect.generics.reflectiveObjects.TypeVariableImpl and java.lang.Class are in module java.base of loader 'bootstrap')
	at com.skachko.libraries.search.api.ACriteriaToSpecificationConverter.initEntityParameters(ACriteriaToSpecificationConverter.java:231)
	at com.skachko.libraries.search.api.ACriteriaToSpecificationConverter.afterPropertiesSet(ACriteriaToSpecificationConverter.java:271)
	at org.springframework.beans.factory.support.AbstractAutowireCapableBeanFactory.invokeInitMethods(AbstractAutowireCapableBeanFactory.java:1797)
	at org.springframework.beans.factory.support.AbstractAutowireCapableBeanFactory.initializeBean(AbstractAutowireCapableBeanFactory.java:1747)
	... 16 common frames omitted
2022-12-11 16:53:26,676 INFO o.s.b.StartupInfoLogger [main] Starting AccountModule using Java 17.0.5 with PID 12160 (C:\GEN_SPARK\PROJECT\training_diary\account_module\target\classes started by User in C:\GEN_SPARK\PROJECT\training_diary\account_module)
2022-12-11 16:53:26,682 INFO o.s.b.SpringApplication [main] No active profile set, falling back to 1 default profile: "default"
2022-12-11 16:53:27,476 INFO o.s.d.r.c.RepositoryConfigurationDelegate [main] Bootstrapping Spring Data JPA repositories in DEFAULT mode.
2022-12-11 16:53:27,562 INFO o.s.d.r.c.RepositoryConfigurationDelegate [main] Finished Spring Data repository scanning in 76 ms. Found 1 JPA repository interfaces.
2022-12-11 16:53:28,316 INFO o.s.b.w.e.t.TomcatWebServer [main] Tomcat initialized with port(s): 9000 (http)
2022-12-11 16:53:28,328 INFO o.a.j.l.DirectJDKLog [main] Starting service [Tomcat]
2022-12-11 16:53:28,328 INFO o.a.j.l.DirectJDKLog [main] Starting Servlet engine: [Apache Tomcat/10.1.1]
2022-12-11 16:53:28,461 INFO o.a.j.l.DirectJDKLog [main] Initializing Spring embedded WebApplicationContext
2022-12-11 16:53:28,464 INFO o.s.b.w.s.c.ServletWebServerApplicationContext [main] Root WebApplicationContext: initialization completed in 1724 ms
2022-12-11 16:53:28,498 INFO c.z.h.HikariDataSource [main] HikariPool-1 - Starting...
2022-12-11 16:53:28,711 INFO c.z.h.p.HikariPool [main] HikariPool-1 - Added connection conn0: url=jdbc:h2:mem:junit_db user=SA
2022-12-11 16:53:28,713 INFO c.z.h.HikariDataSource [main] HikariPool-1 - Start completed.
2022-12-11 16:53:28,735 INFO o.s.b.a.h.H2ConsoleAutoConfiguration [main] H2 console available at '/h2-console'. Database available at 'jdbc:h2:mem:junit_db'
2022-12-11 16:53:28,933 INFO o.h.j.i.u.LogHelper [main] HHH000204: Processing PersistenceUnitInfo [name: default]
2022-12-11 16:53:28,997 INFO o.h.Version [main] HHH000412: Hibernate ORM core version 6.1.5.Final
2022-12-11 16:53:29,188 WARN o.h.b.i.MetadataBuilderImpl$MetadataBuildingOptionsImpl [main] HHH90000021: Encountered deprecated setting [javax.persistence.sharedCache.mode], use [jakarta.persistence.sharedCache.mode] instead
2022-12-11 16:53:29,333 INFO o.h.e.j.d.i.DialectFactoryImpl [main] HHH000400: Using dialect: org.hibernate.dialect.H2Dialect
2022-12-11 16:53:30,161 INFO o.h.e.t.j.p.i.JtaPlatformInitiator [main] HHH000490: Using JtaPlatform implementation: [org.hibernate.engine.transaction.jta.platform.internal.NoJtaPlatform]
2022-12-11 16:53:30,170 INFO o.s.o.j.AbstractEntityManagerFactoryBean [main] Initialized JPA EntityManagerFactory for persistence unit 'default'
2022-12-11 16:53:35,785 WARN o.s.c.s.AbstractApplicationContext [main] Exception encountered during context initialization - cancelling refresh attempt: org.springframework.beans.factory.UnsatisfiedDependencyException: Error creating bean with name 'myController' defined in file [C:\GEN_SPARK\PROJECT\training_diary\account_module\target\classes\com\skachko\entities\rest\api_case\MyController.class]: Unsatisfied dependency expressed through constructor parameter 0: Error creating bean with name 'myService' defined in file [C:\GEN_SPARK\PROJECT\training_diary\account_module\target\classes\com\skachko\entities\rest\api_case\MyService.class]: Unsatisfied dependency expressed through constructor parameter 0: Error creating bean with name 'myRepository' defined in file [C:\GEN_SPARK\PROJECT\training_diary\account_module\target\classes\com\skachko\entities\rest\api_case\MyRepository.class]: Failed to instantiate [com.skachko.entities.rest.api_case.MyRepository]: Constructor threw exception
2022-12-11 16:53:35,786 INFO o.s.o.j.AbstractEntityManagerFactoryBean [main] Closing JPA EntityManagerFactory for persistence unit 'default'
2022-12-11 16:53:35,788 INFO o.h.t.s.i.SchemaDropperImpl$DelayedDropActionImpl [main] HHH000477: Starting delayed evictData of schema as part of SessionFactory shut-down'
2022-12-11 16:53:35,793 INFO c.z.h.HikariDataSource [main] HikariPool-1 - Shutdown initiated...
2022-12-11 16:53:35,797 INFO c.z.h.HikariDataSource [main] HikariPool-1 - Shutdown completed.
2022-12-11 16:53:35,801 INFO o.a.j.l.DirectJDKLog [main] Stopping service [Tomcat]
2022-12-11 16:53:35,823 INFO o.s.b.a.l.ConditionEvaluationReportLogger [main] 

Error starting ApplicationContext. To display the condition evaluation report re-run your application with 'debug' enabled.
2022-12-11 16:53:35,847 ERROR o.s.b.SpringApplication [main] Application run failed
org.springframework.beans.factory.UnsatisfiedDependencyException: Error creating bean with name 'myController' defined in file [C:\GEN_SPARK\PROJECT\training_diary\account_module\target\classes\com\skachko\entities\rest\api_case\MyController.class]: Unsatisfied dependency expressed through constructor parameter 0: Error creating bean with name 'myService' defined in file [C:\GEN_SPARK\PROJECT\training_diary\account_module\target\classes\com\skachko\entities\rest\api_case\MyService.class]: Unsatisfied dependency expressed through constructor parameter 0: Error creating bean with name 'myRepository' defined in file [C:\GEN_SPARK\PROJECT\training_diary\account_module\target\classes\com\skachko\entities\rest\api_case\MyRepository.class]: Failed to instantiate [com.skachko.entities.rest.api_case.MyRepository]: Constructor threw exception
	at org.springframework.beans.factory.support.ConstructorResolver.createArgumentArray(ConstructorResolver.java:793)
	at org.springframework.beans.factory.support.ConstructorResolver.autowireConstructor(ConstructorResolver.java:242)
	at org.springframework.beans.factory.support.AbstractAutowireCapableBeanFactory.autowireConstructor(AbstractAutowireCapableBeanFactory.java:1344)
	at org.springframework.beans.factory.support.AbstractAutowireCapableBeanFactory.createBeanInstance(AbstractAutowireCapableBeanFactory.java:1188)
	at org.springframework.beans.factory.support.AbstractAutowireCapableBeanFactory.doCreateBean(AbstractAutowireCapableBeanFactory.java:561)
	at org.springframework.beans.factory.support.AbstractAutowireCapableBeanFactory.createBean(AbstractAutowireCapableBeanFactory.java:521)
	at org.springframework.beans.factory.support.AbstractBeanFactory.lambda$doGetBean$0(AbstractBeanFactory.java:326)
	at org.springframework.beans.factory.support.DefaultSingletonBeanRegistry.getSingleton(DefaultSingletonBeanRegistry.java:234)
	at org.springframework.beans.factory.support.AbstractBeanFactory.doGetBean(AbstractBeanFactory.java:324)
	at org.springframework.beans.factory.support.AbstractBeanFactory.getBean(AbstractBeanFactory.java:200)
	at org.springframework.beans.factory.support.DefaultListableBeanFactory.preInstantiateSingletons(DefaultListableBeanFactory.java:961)
	at org.springframework.context.support.AbstractApplicationContext.finishBeanFactoryInitialization(AbstractApplicationContext.java:915)
	at org.springframework.context.support.AbstractApplicationContext.refresh(AbstractApplicationContext.java:584)
	at org.springframework.boot.web.servlet.context.ServletWebServerApplicationContext.refresh(ServletWebServerApplicationContext.java:146)
	at org.springframework.boot.SpringApplication.refresh(SpringApplication.java:730)
	at org.springframework.boot.SpringApplication.refreshContext(SpringApplication.java:432)
	at org.springframework.boot.SpringApplication.run(SpringApplication.java:308)
	at org.springframework.boot.SpringApplication.run(SpringApplication.java:1302)
	at org.springframework.boot.SpringApplication.run(SpringApplication.java:1291)
	at com.skachko.AccountService.main(AccountModule.java:9)
Caused by: org.springframework.beans.factory.UnsatisfiedDependencyException: Error creating bean with name 'myService' defined in file [C:\GEN_SPARK\PROJECT\training_diary\account_module\target\classes\com\skachko\entities\rest\api_case\MyService.class]: Unsatisfied dependency expressed through constructor parameter 0: Error creating bean with name 'myRepository' defined in file [C:\GEN_SPARK\PROJECT\training_diary\account_module\target\classes\com\skachko\entities\rest\api_case\MyRepository.class]: Failed to instantiate [com.skachko.entities.rest.api_case.MyRepository]: Constructor threw exception
	at org.springframework.beans.factory.support.ConstructorResolver.createArgumentArray(ConstructorResolver.java:793)
	at org.springframework.beans.factory.support.ConstructorResolver.autowireConstructor(ConstructorResolver.java:242)
	at org.springframework.beans.factory.support.AbstractAutowireCapableBeanFactory.autowireConstructor(AbstractAutowireCapableBeanFactory.java:1344)
	at org.springframework.beans.factory.support.AbstractAutowireCapableBeanFactory.createBeanInstance(AbstractAutowireCapableBeanFactory.java:1188)
	at org.springframework.beans.factory.support.AbstractAutowireCapableBeanFactory.doCreateBean(AbstractAutowireCapableBeanFactory.java:561)
	at org.springframework.beans.factory.support.AbstractAutowireCapableBeanFactory.createBean(AbstractAutowireCapableBeanFactory.java:521)
	at org.springframework.beans.factory.support.AbstractBeanFactory.lambda$doGetBean$0(AbstractBeanFactory.java:326)
	at org.springframework.beans.factory.support.DefaultSingletonBeanRegistry.getSingleton(DefaultSingletonBeanRegistry.java:234)
	at org.springframework.beans.factory.support.AbstractBeanFactory.doGetBean(AbstractBeanFactory.java:324)
	at org.springframework.beans.factory.support.AbstractBeanFactory.getBean(AbstractBeanFactory.java:200)
	at org.springframework.beans.factory.config.DependencyDescriptor.resolveCandidate(DependencyDescriptor.java:254)
	at org.springframework.beans.factory.support.DefaultListableBeanFactory.doResolveDependency(DefaultListableBeanFactory.java:1405)
	at org.springframework.beans.factory.support.DefaultListableBeanFactory.resolveDependency(DefaultListableBeanFactory.java:1325)
	at org.springframework.beans.factory.support.ConstructorResolver.resolveAutowiredArgument(ConstructorResolver.java:880)
	at org.springframework.beans.factory.support.ConstructorResolver.createArgumentArray(ConstructorResolver.java:784)
	... 19 common frames omitted
Caused by: org.springframework.beans.factory.BeanCreationException: Error creating bean with name 'myRepository' defined in file [C:\GEN_SPARK\PROJECT\training_diary\account_module\target\classes\com\skachko\entities\rest\api_case\MyRepository.class]: Failed to instantiate [com.skachko.entities.rest.api_case.MyRepository]: Constructor threw exception
	at org.springframework.beans.factory.support.ConstructorResolver.instantiate(ConstructorResolver.java:321)
	at org.springframework.beans.factory.support.ConstructorResolver.autowireConstructor(ConstructorResolver.java:309)
	at org.springframework.beans.factory.support.AbstractAutowireCapableBeanFactory.autowireConstructor(AbstractAutowireCapableBeanFactory.java:1344)
	at org.springframework.beans.factory.support.AbstractAutowireCapableBeanFactory.createBeanInstance(AbstractAutowireCapableBeanFactory.java:1188)
	at org.springframework.beans.factory.support.AbstractAutowireCapableBeanFactory.doCreateBean(AbstractAutowireCapableBeanFactory.java:561)
	at org.springframework.beans.factory.support.AbstractAutowireCapableBeanFactory.createBean(AbstractAutowireCapableBeanFactory.java:521)
	at org.springframework.beans.factory.support.AbstractBeanFactory.lambda$doGetBean$0(AbstractBeanFactory.java:326)
	at org.springframework.beans.factory.support.DefaultSingletonBeanRegistry.getSingleton(DefaultSingletonBeanRegistry.java:234)
	at org.springframework.beans.factory.support.AbstractBeanFactory.doGetBean(AbstractBeanFactory.java:324)
	at org.springframework.beans.factory.support.AbstractBeanFactory.getBean(AbstractBeanFactory.java:200)
	at org.springframework.beans.factory.config.DependencyDescriptor.resolveCandidate(DependencyDescriptor.java:254)
	at org.springframework.beans.factory.support.DefaultListableBeanFactory.doResolveDependency(DefaultListableBeanFactory.java:1405)
	at org.springframework.beans.factory.support.DefaultListableBeanFactory.resolveDependency(DefaultListableBeanFactory.java:1325)
	at org.springframework.beans.factory.support.ConstructorResolver.resolveAutowiredArgument(ConstructorResolver.java:880)
	at org.springframework.beans.factory.support.ConstructorResolver.createArgumentArray(ConstructorResolver.java:784)
	... 33 common frames omitted
Caused by: org.springframework.beans.BeanInstantiationException: Failed to instantiate [com.skachko.entities.rest.api_case.MyRepository]: Constructor threw exception
	at org.springframework.beans.BeanUtils.instantiateClass(BeanUtils.java:223)
	at org.springframework.beans.factory.support.SimpleInstantiationStrategy.instantiate(SimpleInstantiationStrategy.java:110)
	at org.springframework.beans.factory.support.ConstructorResolver.instantiate(ConstructorResolver.java:318)
	... 47 common frames omitted
Caused by: java.lang.ClassCastException: class sun.reflect.generics.reflectiveObjects.TypeVariableImpl cannot be cast to class java.lang.Class (sun.reflect.generics.reflectiveObjects.TypeVariableImpl and java.lang.Class are in module java.base of loader 'bootstrap')
	at com.skachko.libraries.search.api.ACriteriaToSpecificationConverter.initEntityParameters(ACriteriaToSpecificationConverter.java:231)
	at com.skachko.libraries.search.api.ACriteriaToSpecificationConverter.<init>(ACriteriaToSpecificationConverter.java:22)
	at com.skachko.libraries.search.DefaultCriteriaToHibernateSpecificationConverter.<init>(DefaultCriteriaToHibernateSpecificationConverter.java:11)
	at com.skachko.entities.rest.api_case.MyRepository.<init>(MyRepository.java:18)
	at java.base/jdk.internal.reflect.NativeConstructorAccessorImpl.newInstance0(Native Method)
	at java.base/jdk.internal.reflect.NativeConstructorAccessorImpl.newInstance(NativeConstructorAccessorImpl.java:77)
	at java.base/jdk.internal.reflect.DelegatingConstructorAccessorImpl.newInstance(DelegatingConstructorAccessorImpl.java:45)
	at java.base/java.lang.reflect.Constructor.newInstanceWithCaller(Constructor.java:499)
	at java.base/java.lang.reflect.Constructor.newInstance(Constructor.java:480)
	at org.springframework.beans.BeanUtils.instantiateClass(BeanUtils.java:210)
	... 49 common frames omitted
2022-12-11 16:54:15,307 INFO o.s.b.StartupInfoLogger [main] Starting AccountModule using Java 17.0.5 with PID 15040 (C:\GEN_SPARK\PROJECT\training_diary\account_module\target\classes started by User in C:\GEN_SPARK\PROJECT\training_diary\account_module)
2022-12-11 16:54:15,315 INFO o.s.b.SpringApplication [main] No active profile set, falling back to 1 default profile: "default"
2022-12-11 16:54:16,089 INFO o.s.d.r.c.RepositoryConfigurationDelegate [main] Bootstrapping Spring Data JPA repositories in DEFAULT mode.
2022-12-11 16:54:16,179 INFO o.s.d.r.c.RepositoryConfigurationDelegate [main] Finished Spring Data repository scanning in 79 ms. Found 1 JPA repository interfaces.
2022-12-11 16:54:16,975 INFO o.s.b.w.e.t.TomcatWebServer [main] Tomcat initialized with port(s): 9000 (http)
2022-12-11 16:54:16,992 INFO o.a.j.l.DirectJDKLog [main] Starting service [Tomcat]
2022-12-11 16:54:16,993 INFO o.a.j.l.DirectJDKLog [main] Starting Servlet engine: [Apache Tomcat/10.1.1]
2022-12-11 16:54:17,124 INFO o.a.j.l.DirectJDKLog [main] Initializing Spring embedded WebApplicationContext
2022-12-11 16:54:17,127 INFO o.s.b.w.s.c.ServletWebServerApplicationContext [main] Root WebApplicationContext: initialization completed in 1743 ms
2022-12-11 16:54:17,174 INFO c.z.h.HikariDataSource [main] HikariPool-1 - Starting...
2022-12-11 16:54:17,383 INFO c.z.h.p.HikariPool [main] HikariPool-1 - Added connection conn0: url=jdbc:h2:mem:junit_db user=SA
2022-12-11 16:54:17,385 INFO c.z.h.HikariDataSource [main] HikariPool-1 - Start completed.
2022-12-11 16:54:17,397 INFO o.s.b.a.h.H2ConsoleAutoConfiguration [main] H2 console available at '/h2-console'. Database available at 'jdbc:h2:mem:junit_db'
2022-12-11 16:54:17,585 INFO o.h.j.i.u.LogHelper [main] HHH000204: Processing PersistenceUnitInfo [name: default]
2022-12-11 16:54:17,660 INFO o.h.Version [main] HHH000412: Hibernate ORM core version 6.1.5.Final
2022-12-11 16:54:17,866 WARN o.h.b.i.MetadataBuilderImpl$MetadataBuildingOptionsImpl [main] HHH90000021: Encountered deprecated setting [javax.persistence.sharedCache.mode], use [jakarta.persistence.sharedCache.mode] instead
2022-12-11 16:54:18,023 INFO o.h.e.j.d.i.DialectFactoryImpl [main] HHH000400: Using dialect: org.hibernate.dialect.H2Dialect
2022-12-11 16:54:18,823 INFO o.h.e.t.j.p.i.JtaPlatformInitiator [main] HHH000490: Using JtaPlatform implementation: [org.hibernate.engine.transaction.jta.platform.internal.NoJtaPlatform]
2022-12-11 16:54:18,831 INFO o.s.o.j.AbstractEntityManagerFactoryBean [main] Initialized JPA EntityManagerFactory for persistence unit 'default'
2022-12-11 16:59:42,702 WARN c.z.h.p.HikariPool$HouseKeeper [HikariPool-1 housekeeper] HikariPool-1 - Thread starvation or clock leap detected (housekeeper delta=5m25s215ms713s700ns).
2022-12-11 16:59:43,032 WARN o.s.c.s.AbstractApplicationContext [main] Exception encountered during context initialization - cancelling refresh attempt: org.springframework.beans.factory.UnsatisfiedDependencyException: Error creating bean with name 'myController' defined in file [C:\GEN_SPARK\PROJECT\training_diary\account_module\target\classes\com\skachko\entities\rest\api_case\MyController.class]: Unsatisfied dependency expressed through constructor parameter 0: Error creating bean with name 'myService' defined in file [C:\GEN_SPARK\PROJECT\training_diary\account_module\target\classes\com\skachko\entities\rest\api_case\MyService.class]: Unsatisfied dependency expressed through constructor parameter 0: Error creating bean with name 'myRepository' defined in file [C:\GEN_SPARK\PROJECT\training_diary\account_module\target\classes\com\skachko\entities\rest\api_case\MyRepository.class]: Failed to instantiate [com.skachko.entities.rest.api_case.MyRepository]: Constructor threw exception
2022-12-11 16:59:43,033 INFO o.s.o.j.AbstractEntityManagerFactoryBean [main] Closing JPA EntityManagerFactory for persistence unit 'default'
2022-12-11 16:59:43,034 INFO o.h.t.s.i.SchemaDropperImpl$DelayedDropActionImpl [main] HHH000477: Starting delayed evictData of schema as part of SessionFactory shut-down'
2022-12-11 16:59:43,038 INFO c.z.h.HikariDataSource [main] HikariPool-1 - Shutdown initiated...
2022-12-11 16:59:43,042 INFO c.z.h.HikariDataSource [main] HikariPool-1 - Shutdown completed.
2022-12-11 16:59:43,045 INFO o.a.j.l.DirectJDKLog [main] Stopping service [Tomcat]
2022-12-11 16:59:43,060 INFO o.s.b.a.l.ConditionEvaluationReportLogger [main] 

Error starting ApplicationContext. To display the condition evaluation report re-run your application with 'debug' enabled.
2022-12-11 16:59:43,079 ERROR o.s.b.SpringApplication [main] Application run failed
org.springframework.beans.factory.UnsatisfiedDependencyException: Error creating bean with name 'myController' defined in file [C:\GEN_SPARK\PROJECT\training_diary\account_module\target\classes\com\skachko\entities\rest\api_case\MyController.class]: Unsatisfied dependency expressed through constructor parameter 0: Error creating bean with name 'myService' defined in file [C:\GEN_SPARK\PROJECT\training_diary\account_module\target\classes\com\skachko\entities\rest\api_case\MyService.class]: Unsatisfied dependency expressed through constructor parameter 0: Error creating bean with name 'myRepository' defined in file [C:\GEN_SPARK\PROJECT\training_diary\account_module\target\classes\com\skachko\entities\rest\api_case\MyRepository.class]: Failed to instantiate [com.skachko.entities.rest.api_case.MyRepository]: Constructor threw exception
	at org.springframework.beans.factory.support.ConstructorResolver.createArgumentArray(ConstructorResolver.java:793)
	at org.springframework.beans.factory.support.ConstructorResolver.autowireConstructor(ConstructorResolver.java:242)
	at org.springframework.beans.factory.support.AbstractAutowireCapableBeanFactory.autowireConstructor(AbstractAutowireCapableBeanFactory.java:1344)
	at org.springframework.beans.factory.support.AbstractAutowireCapableBeanFactory.createBeanInstance(AbstractAutowireCapableBeanFactory.java:1188)
	at org.springframework.beans.factory.support.AbstractAutowireCapableBeanFactory.doCreateBean(AbstractAutowireCapableBeanFactory.java:561)
	at org.springframework.beans.factory.support.AbstractAutowireCapableBeanFactory.createBean(AbstractAutowireCapableBeanFactory.java:521)
	at org.springframework.beans.factory.support.AbstractBeanFactory.lambda$doGetBean$0(AbstractBeanFactory.java:326)
	at org.springframework.beans.factory.support.DefaultSingletonBeanRegistry.getSingleton(DefaultSingletonBeanRegistry.java:234)
	at org.springframework.beans.factory.support.AbstractBeanFactory.doGetBean(AbstractBeanFactory.java:324)
	at org.springframework.beans.factory.support.AbstractBeanFactory.getBean(AbstractBeanFactory.java:200)
	at org.springframework.beans.factory.support.DefaultListableBeanFactory.preInstantiateSingletons(DefaultListableBeanFactory.java:961)
	at org.springframework.context.support.AbstractApplicationContext.finishBeanFactoryInitialization(AbstractApplicationContext.java:915)
	at org.springframework.context.support.AbstractApplicationContext.refresh(AbstractApplicationContext.java:584)
	at org.springframework.boot.web.servlet.context.ServletWebServerApplicationContext.refresh(ServletWebServerApplicationContext.java:146)
	at org.springframework.boot.SpringApplication.refresh(SpringApplication.java:730)
	at org.springframework.boot.SpringApplication.refreshContext(SpringApplication.java:432)
	at org.springframework.boot.SpringApplication.run(SpringApplication.java:308)
	at org.springframework.boot.SpringApplication.run(SpringApplication.java:1302)
	at org.springframework.boot.SpringApplication.run(SpringApplication.java:1291)
	at com.skachko.AccountService.main(AccountModule.java:9)
Caused by: org.springframework.beans.factory.UnsatisfiedDependencyException: Error creating bean with name 'myService' defined in file [C:\GEN_SPARK\PROJECT\training_diary\account_module\target\classes\com\skachko\entities\rest\api_case\MyService.class]: Unsatisfied dependency expressed through constructor parameter 0: Error creating bean with name 'myRepository' defined in file [C:\GEN_SPARK\PROJECT\training_diary\account_module\target\classes\com\skachko\entities\rest\api_case\MyRepository.class]: Failed to instantiate [com.skachko.entities.rest.api_case.MyRepository]: Constructor threw exception
	at org.springframework.beans.factory.support.ConstructorResolver.createArgumentArray(ConstructorResolver.java:793)
	at org.springframework.beans.factory.support.ConstructorResolver.autowireConstructor(ConstructorResolver.java:242)
	at org.springframework.beans.factory.support.AbstractAutowireCapableBeanFactory.autowireConstructor(AbstractAutowireCapableBeanFactory.java:1344)
	at org.springframework.beans.factory.support.AbstractAutowireCapableBeanFactory.createBeanInstance(AbstractAutowireCapableBeanFactory.java:1188)
	at org.springframework.beans.factory.support.AbstractAutowireCapableBeanFactory.doCreateBean(AbstractAutowireCapableBeanFactory.java:561)
	at org.springframework.beans.factory.support.AbstractAutowireCapableBeanFactory.createBean(AbstractAutowireCapableBeanFactory.java:521)
	at org.springframework.beans.factory.support.AbstractBeanFactory.lambda$doGetBean$0(AbstractBeanFactory.java:326)
	at org.springframework.beans.factory.support.DefaultSingletonBeanRegistry.getSingleton(DefaultSingletonBeanRegistry.java:234)
	at org.springframework.beans.factory.support.AbstractBeanFactory.doGetBean(AbstractBeanFactory.java:324)
	at org.springframework.beans.factory.support.AbstractBeanFactory.getBean(AbstractBeanFactory.java:200)
	at org.springframework.beans.factory.config.DependencyDescriptor.resolveCandidate(DependencyDescriptor.java:254)
	at org.springframework.beans.factory.support.DefaultListableBeanFactory.doResolveDependency(DefaultListableBeanFactory.java:1405)
	at org.springframework.beans.factory.support.DefaultListableBeanFactory.resolveDependency(DefaultListableBeanFactory.java:1325)
	at org.springframework.beans.factory.support.ConstructorResolver.resolveAutowiredArgument(ConstructorResolver.java:880)
	at org.springframework.beans.factory.support.ConstructorResolver.createArgumentArray(ConstructorResolver.java:784)
	... 19 common frames omitted
Caused by: org.springframework.beans.factory.BeanCreationException: Error creating bean with name 'myRepository' defined in file [C:\GEN_SPARK\PROJECT\training_diary\account_module\target\classes\com\skachko\entities\rest\api_case\MyRepository.class]: Failed to instantiate [com.skachko.entities.rest.api_case.MyRepository]: Constructor threw exception
	at org.springframework.beans.factory.support.ConstructorResolver.instantiate(ConstructorResolver.java:321)
	at org.springframework.beans.factory.support.ConstructorResolver.autowireConstructor(ConstructorResolver.java:309)
	at org.springframework.beans.factory.support.AbstractAutowireCapableBeanFactory.autowireConstructor(AbstractAutowireCapableBeanFactory.java:1344)
	at org.springframework.beans.factory.support.AbstractAutowireCapableBeanFactory.createBeanInstance(AbstractAutowireCapableBeanFactory.java:1188)
	at org.springframework.beans.factory.support.AbstractAutowireCapableBeanFactory.doCreateBean(AbstractAutowireCapableBeanFactory.java:561)
	at org.springframework.beans.factory.support.AbstractAutowireCapableBeanFactory.createBean(AbstractAutowireCapableBeanFactory.java:521)
	at org.springframework.beans.factory.support.AbstractBeanFactory.lambda$doGetBean$0(AbstractBeanFactory.java:326)
	at org.springframework.beans.factory.support.DefaultSingletonBeanRegistry.getSingleton(DefaultSingletonBeanRegistry.java:234)
	at org.springframework.beans.factory.support.AbstractBeanFactory.doGetBean(AbstractBeanFactory.java:324)
	at org.springframework.beans.factory.support.AbstractBeanFactory.getBean(AbstractBeanFactory.java:200)
	at org.springframework.beans.factory.config.DependencyDescriptor.resolveCandidate(DependencyDescriptor.java:254)
	at org.springframework.beans.factory.support.DefaultListableBeanFactory.doResolveDependency(DefaultListableBeanFactory.java:1405)
	at org.springframework.beans.factory.support.DefaultListableBeanFactory.resolveDependency(DefaultListableBeanFactory.java:1325)
	at org.springframework.beans.factory.support.ConstructorResolver.resolveAutowiredArgument(ConstructorResolver.java:880)
	at org.springframework.beans.factory.support.ConstructorResolver.createArgumentArray(ConstructorResolver.java:784)
	... 33 common frames omitted
Caused by: org.springframework.beans.BeanInstantiationException: Failed to instantiate [com.skachko.entities.rest.api_case.MyRepository]: Constructor threw exception
	at org.springframework.beans.BeanUtils.instantiateClass(BeanUtils.java:223)
	at org.springframework.beans.factory.support.SimpleInstantiationStrategy.instantiate(SimpleInstantiationStrategy.java:110)
	at org.springframework.beans.factory.support.ConstructorResolver.instantiate(ConstructorResolver.java:318)
	... 47 common frames omitted
Caused by: java.lang.ClassCastException: class sun.reflect.generics.reflectiveObjects.TypeVariableImpl cannot be cast to class java.lang.Class (sun.reflect.generics.reflectiveObjects.TypeVariableImpl and java.lang.Class are in module java.base of loader 'bootstrap')
	at com.skachko.libraries.search.api.ACriteriaToSpecificationConverter.initEntityParameters(ACriteriaToSpecificationConverter.java:231)
	at com.skachko.libraries.search.api.ACriteriaToSpecificationConverter.<init>(ACriteriaToSpecificationConverter.java:22)
	at com.skachko.libraries.search.DefaultCriteriaToHibernateSpecificationConverter.<init>(DefaultCriteriaToHibernateSpecificationConverter.java:11)
	at com.skachko.entities.rest.api_case.MyRepository.<init>(MyRepository.java:18)
	at java.base/jdk.internal.reflect.NativeConstructorAccessorImpl.newInstance0(Native Method)
	at java.base/jdk.internal.reflect.NativeConstructorAccessorImpl.newInstance(NativeConstructorAccessorImpl.java:77)
	at java.base/jdk.internal.reflect.DelegatingConstructorAccessorImpl.newInstance(DelegatingConstructorAccessorImpl.java:45)
	at java.base/java.lang.reflect.Constructor.newInstanceWithCaller(Constructor.java:499)
	at java.base/java.lang.reflect.Constructor.newInstance(Constructor.java:480)
	at org.springframework.beans.BeanUtils.instantiateClass(BeanUtils.java:210)
	... 49 common frames omitted
2022-12-11 16:59:53,067 INFO o.s.b.StartupInfoLogger [main] Starting AccountModule using Java 17.0.5 with PID 12164 (C:\GEN_SPARK\PROJECT\training_diary\account_module\target\classes started by User in C:\GEN_SPARK\PROJECT\training_diary\account_module)
2022-12-11 16:59:53,074 INFO o.s.b.SpringApplication [main] No active profile set, falling back to 1 default profile: "default"
2022-12-11 16:59:53,844 INFO o.s.d.r.c.RepositoryConfigurationDelegate [main] Bootstrapping Spring Data JPA repositories in DEFAULT mode.
2022-12-11 16:59:53,927 INFO o.s.d.r.c.RepositoryConfigurationDelegate [main] Finished Spring Data repository scanning in 72 ms. Found 1 JPA repository interfaces.
2022-12-11 16:59:54,682 INFO o.s.b.w.e.t.TomcatWebServer [main] Tomcat initialized with port(s): 9000 (http)
2022-12-11 16:59:54,696 INFO o.a.j.l.DirectJDKLog [main] Starting service [Tomcat]
2022-12-11 16:59:54,696 INFO o.a.j.l.DirectJDKLog [main] Starting Servlet engine: [Apache Tomcat/10.1.1]
2022-12-11 16:59:54,833 INFO o.a.j.l.DirectJDKLog [main] Initializing Spring embedded WebApplicationContext
2022-12-11 16:59:54,837 INFO o.s.b.w.s.c.ServletWebServerApplicationContext [main] Root WebApplicationContext: initialization completed in 1703 ms
2022-12-11 16:59:54,875 INFO c.z.h.HikariDataSource [main] HikariPool-1 - Starting...
2022-12-11 16:59:55,093 INFO c.z.h.p.HikariPool [main] HikariPool-1 - Added connection conn0: url=jdbc:h2:mem:junit_db user=SA
2022-12-11 16:59:55,096 INFO c.z.h.HikariDataSource [main] HikariPool-1 - Start completed.
2022-12-11 16:59:55,113 INFO o.s.b.a.h.H2ConsoleAutoConfiguration [main] H2 console available at '/h2-console'. Database available at 'jdbc:h2:mem:junit_db'
2022-12-11 16:59:55,295 INFO o.h.j.i.u.LogHelper [main] HHH000204: Processing PersistenceUnitInfo [name: default]
2022-12-11 16:59:55,367 INFO o.h.Version [main] HHH000412: Hibernate ORM core version 6.1.5.Final
2022-12-11 16:59:55,575 WARN o.h.b.i.MetadataBuilderImpl$MetadataBuildingOptionsImpl [main] HHH90000021: Encountered deprecated setting [javax.persistence.sharedCache.mode], use [jakarta.persistence.sharedCache.mode] instead
2022-12-11 16:59:55,724 INFO o.h.e.j.d.i.DialectFactoryImpl [main] HHH000400: Using dialect: org.hibernate.dialect.H2Dialect
2022-12-11 16:59:56,507 INFO o.h.e.t.j.p.i.JtaPlatformInitiator [main] HHH000490: Using JtaPlatform implementation: [org.hibernate.engine.transaction.jta.platform.internal.NoJtaPlatform]
2022-12-11 16:59:56,514 INFO o.s.o.j.AbstractEntityManagerFactoryBean [main] Initialized JPA EntityManagerFactory for persistence unit 'default'
2022-12-11 16:59:58,656 WARN o.s.b.a.o.j.JpaBaseConfiguration$JpaWebConfiguration [main] spring.jpa.open-in-view is enabled by default. Therefore, database queries may be performed during view rendering. Explicitly configure spring.jpa.open-in-view to disable this warning
2022-12-11 16:59:59,067 INFO o.s.b.w.e.t.TomcatWebServer [main] Tomcat started on port(s): 9000 (http) with context path ''
2022-12-11 16:59:59,078 INFO o.s.b.StartupInfoLogger [main] Started AccountModule in 6.636 seconds (process running for 7.565)
2022-12-11 17:14:34,803 INFO o.s.o.j.AbstractEntityManagerFactoryBean [SpringApplicationShutdownHook] Closing JPA EntityManagerFactory for persistence unit 'default'
2022-12-11 17:14:34,804 INFO o.h.t.s.i.SchemaDropperImpl$DelayedDropActionImpl [SpringApplicationShutdownHook] HHH000477: Starting delayed evictData of schema as part of SessionFactory shut-down'
