2022-12-10 10:00:57,274 INFO o.s.b.StartupInfoLogger [main] Starting AccountModule using Java 17.0.5 with PID 2508 (C:\GEN_SPARK\PROJECT\training_diary\account_module\target\classes started by User in C:\GEN_SPARK\PROJECT\training_diary\account_module)
2022-12-10 10:00:57,282 INFO o.s.b.SpringApplication [main] No active profile set, falling back to 1 default profile: "default"
2022-12-10 10:00:58,266 INFO o.s.d.r.c.RepositoryConfigurationDelegate [main] Bootstrapping Spring Data JPA repositories in DEFAULT mode.
2022-12-10 10:00:58,344 INFO o.s.d.r.c.RepositoryConfigurationDelegate [main] Finished Spring Data repository scanning in 67 ms. Found 1 JPA repository interfaces.
2022-12-10 10:00:59,131 INFO o.s.b.w.e.t.TomcatWebServer [main] Tomcat initialized with port(s): 9000 (http)
2022-12-10 10:00:59,146 INFO o.a.j.l.DirectJDKLog [main] Starting service [Tomcat]
2022-12-10 10:00:59,147 INFO o.a.j.l.DirectJDKLog [main] Starting Servlet engine: [Apache Tomcat/10.1.1]
2022-12-10 10:00:59,285 INFO o.a.j.l.DirectJDKLog [main] Initializing Spring embedded WebApplicationContext
2022-12-10 10:00:59,288 INFO o.s.b.w.s.c.ServletWebServerApplicationContext [main] Root WebApplicationContext: initialization completed in 1942 ms
2022-12-10 10:00:59,332 INFO c.z.h.HikariDataSource [main] HikariPool-1 - Starting...
2022-12-10 10:00:59,555 INFO c.z.h.p.HikariPool [main] HikariPool-1 - Added connection conn0: url=jdbc:h2:mem:junit_db user=SA
2022-12-10 10:00:59,557 INFO c.z.h.HikariDataSource [main] HikariPool-1 - Start completed.
2022-12-10 10:00:59,581 INFO o.s.b.a.h.H2ConsoleAutoConfiguration [main] H2 console available at '/h2-console'. Database available at 'jdbc:h2:mem:junit_db'
2022-12-10 10:00:59,799 INFO o.h.j.i.u.LogHelper [main] HHH000204: Processing PersistenceUnitInfo [name: default]
2022-12-10 10:00:59,886 INFO o.h.Version [main] HHH000412: Hibernate ORM core version 6.1.5.Final
2022-12-10 10:01:00,141 WARN o.h.b.i.MetadataBuilderImpl$MetadataBuildingOptionsImpl [main] HHH90000021: Encountered deprecated setting [javax.persistence.sharedCache.mode], use [jakarta.persistence.sharedCache.mode] instead
2022-12-10 10:01:00,335 INFO o.h.e.j.d.i.DialectFactoryImpl [main] HHH000400: Using dialect: org.hibernate.dialect.H2Dialect
2022-12-10 10:01:01,171 INFO o.h.e.t.j.p.i.JtaPlatformInitiator [main] HHH000490: Using JtaPlatform implementation: [org.hibernate.engine.transaction.jta.platform.internal.NoJtaPlatform]
2022-12-10 10:01:01,181 INFO o.s.o.j.AbstractEntityManagerFactoryBean [main] Initialized JPA EntityManagerFactory for persistence unit 'default'
2022-12-10 10:01:01,665 WARN o.s.b.a.o.j.JpaBaseConfiguration$JpaWebConfiguration [main] spring.jpa.open-in-view is enabled by default. Therefore, database queries may be performed during view rendering. Explicitly configure spring.jpa.open-in-view to disable this warning
2022-12-10 10:01:02,092 INFO o.s.b.w.e.t.TomcatWebServer [main] Tomcat started on port(s): 9000 (http) with context path ''
2022-12-10 10:01:02,104 INFO o.s.b.StartupInfoLogger [main] Started AccountModule in 5.374 seconds (process running for 7.309)
2022-12-10 10:01:31,271 INFO o.a.j.l.DirectJDKLog [http-nio-9000-exec-1] Initializing Spring DispatcherServlet 'dispatcherServlet'
2022-12-10 10:01:31,271 INFO o.s.w.s.FrameworkServlet [http-nio-9000-exec-1] Initializing Servlet 'dispatcherServlet'
2022-12-10 10:01:31,272 INFO o.s.w.s.FrameworkServlet [http-nio-9000-exec-1] Completed initialization in 1 ms
2022-12-10 10:01:38,057 ERROR c.s.e.r.a.MyController [http-nio-9000-exec-3] TEST EP
2022-12-10 10:02:40,084 ERROR c.s.e.r.a.MyController [http-nio-9000-exec-8] TEST EP
2022-12-10 10:02:52,743 ERROR c.s.e.r.a.MyController [http-nio-9000-exec-9] TEST EP
2022-12-10 10:02:56,487 ERROR c.s.e.r.a.MyController [http-nio-9000-exec-10] TEST EP
2022-12-10 10:09:10,501 ERROR c.s.e.r.a.MyController [http-nio-9000-exec-3] TEST EP
2022-12-10 10:11:20,216 WARN c.z.h.p.HikariPool$HouseKeeper [HikariPool-1 housekeeper] HikariPool-1 - Thread starvation or clock leap detected (housekeeper delta=50s417ms934µs300ns).
2022-12-10 10:48:28,013 INFO o.s.b.StartupInfoLogger [main] Starting AccountModule using Java 17.0.5 with PID 3952 (C:\GEN_SPARK\PROJECT\training_diary\account_module\target\classes started by User in C:\GEN_SPARK\PROJECT\training_diary\account_module)
2022-12-10 10:48:28,019 INFO o.s.b.SpringApplication [main] No active profile set, falling back to 1 default profile: "default"
2022-12-10 10:48:28,797 INFO o.s.d.r.c.RepositoryConfigurationDelegate [main] Bootstrapping Spring Data JPA repositories in DEFAULT mode.
2022-12-10 10:48:28,881 INFO o.s.d.r.c.RepositoryConfigurationDelegate [main] Finished Spring Data repository scanning in 73 ms. Found 1 JPA repository interfaces.
2022-12-10 10:48:29,666 INFO o.s.b.w.e.t.TomcatWebServer [main] Tomcat initialized with port(s): 9000 (http)
2022-12-10 10:48:29,680 INFO o.a.j.l.DirectJDKLog [main] Starting service [Tomcat]
2022-12-10 10:48:29,680 INFO o.a.j.l.DirectJDKLog [main] Starting Servlet engine: [Apache Tomcat/10.1.1]
2022-12-10 10:48:29,809 INFO o.a.j.l.DirectJDKLog [main] Initializing Spring embedded WebApplicationContext
2022-12-10 10:48:29,821 INFO o.s.b.w.s.c.ServletWebServerApplicationContext [main] Root WebApplicationContext: initialization completed in 1728 ms
2022-12-10 10:48:29,857 INFO c.z.h.HikariDataSource [main] HikariPool-1 - Starting...
2022-12-10 10:48:30,078 INFO c.z.h.p.HikariPool [main] HikariPool-1 - Added connection conn0: url=jdbc:h2:mem:junit_db user=SA
2022-12-10 10:48:30,081 INFO c.z.h.HikariDataSource [main] HikariPool-1 - Start completed.
2022-12-10 10:48:30,094 INFO o.s.b.a.h.H2ConsoleAutoConfiguration [main] H2 console available at '/h2-console'. Database available at 'jdbc:h2:mem:junit_db'
2022-12-10 10:48:30,318 INFO o.h.j.i.u.LogHelper [main] HHH000204: Processing PersistenceUnitInfo [name: default]
2022-12-10 10:48:30,419 INFO o.h.Version [main] HHH000412: Hibernate ORM core version 6.1.5.Final
2022-12-10 10:48:30,675 WARN o.h.b.i.MetadataBuilderImpl$MetadataBuildingOptionsImpl [main] HHH90000021: Encountered deprecated setting [javax.persistence.sharedCache.mode], use [jakarta.persistence.sharedCache.mode] instead
2022-12-10 10:48:30,884 INFO o.h.e.j.d.i.DialectFactoryImpl [main] HHH000400: Using dialect: org.hibernate.dialect.H2Dialect
2022-12-10 10:48:31,750 INFO o.h.e.t.j.p.i.JtaPlatformInitiator [main] HHH000490: Using JtaPlatform implementation: [org.hibernate.engine.transaction.jta.platform.internal.NoJtaPlatform]
2022-12-10 10:48:31,759 INFO o.s.o.j.AbstractEntityManagerFactoryBean [main] Initialized JPA EntityManagerFactory for persistence unit 'default'
2022-12-10 10:48:32,189 WARN o.s.b.a.o.j.JpaBaseConfiguration$JpaWebConfiguration [main] spring.jpa.open-in-view is enabled by default. Therefore, database queries may be performed during view rendering. Explicitly configure spring.jpa.open-in-view to disable this warning
2022-12-10 10:48:32,538 INFO o.s.b.w.e.t.TomcatWebServer [main] Tomcat started on port(s): 9000 (http) with context path ''
2022-12-10 10:48:32,548 INFO o.s.b.StartupInfoLogger [main] Started AccountModule in 5.102 seconds (process running for 6.068)
2022-12-10 10:48:40,177 INFO o.a.j.l.DirectJDKLog [http-nio-9000-exec-1] Initializing Spring DispatcherServlet 'dispatcherServlet'
2022-12-10 10:48:40,178 INFO o.s.w.s.FrameworkServlet [http-nio-9000-exec-1] Initializing Servlet 'dispatcherServlet'
2022-12-10 10:48:40,179 INFO o.s.w.s.FrameworkServlet [http-nio-9000-exec-1] Completed initialization in 1 ms
2022-12-10 10:49:26,279 WARN c.z.h.p.HikariPool$HouseKeeper [HikariPool-1 housekeeper] HikariPool-1 - Thread starvation or clock leap detected (housekeeper delta=56s91ms538µs300ns).
2022-12-10 10:49:30,151 INFO o.s.o.j.AbstractEntityManagerFactoryBean [SpringApplicationShutdownHook] Closing JPA EntityManagerFactory for persistence unit 'default'
2022-12-10 10:49:30,152 INFO o.h.t.s.i.SchemaDropperImpl$DelayedDropActionImpl [SpringApplicationShutdownHook] HHH000477: Starting delayed evictData of schema as part of SessionFactory shut-down'
2022-12-10 11:31:48,746 INFO o.s.b.StartupInfoLogger [main] Starting AccountModule using Java 17.0.5 with PID 11372 (C:\GEN_SPARK\PROJECT\training_diary\account_module\target\classes started by User in C:\GEN_SPARK\PROJECT\training_diary\account_module)
2022-12-10 11:31:48,755 INFO o.s.b.SpringApplication [main] No active profile set, falling back to 1 default profile: "default"
2022-12-10 11:31:49,606 INFO o.s.d.r.c.RepositoryConfigurationDelegate [main] Bootstrapping Spring Data JPA repositories in DEFAULT mode.
2022-12-10 11:31:49,692 INFO o.s.d.r.c.RepositoryConfigurationDelegate [main] Finished Spring Data repository scanning in 75 ms. Found 1 JPA repository interfaces.
2022-12-10 11:31:50,435 INFO o.s.b.w.e.t.TomcatWebServer [main] Tomcat initialized with port(s): 9000 (http)
2022-12-10 11:31:50,444 INFO o.a.j.l.DirectJDKLog [main] Starting service [Tomcat]
2022-12-10 11:31:50,445 INFO o.a.j.l.DirectJDKLog [main] Starting Servlet engine: [Apache Tomcat/10.1.1]
2022-12-10 11:31:50,549 INFO o.a.j.l.DirectJDKLog [main] Initializing Spring embedded WebApplicationContext
2022-12-10 11:31:50,552 INFO o.s.b.w.s.c.ServletWebServerApplicationContext [main] Root WebApplicationContext: initialization completed in 1729 ms
2022-12-10 11:31:50,585 INFO c.z.h.HikariDataSource [main] HikariPool-1 - Starting...
2022-12-10 11:31:50,782 INFO c.z.h.p.HikariPool [main] HikariPool-1 - Added connection conn0: url=jdbc:h2:mem:junit_db user=SA
2022-12-10 11:31:50,791 INFO c.z.h.HikariDataSource [main] HikariPool-1 - Start completed.
2022-12-10 11:31:50,804 INFO o.s.b.a.h.H2ConsoleAutoConfiguration [main] H2 console available at '/h2-console'. Database available at 'jdbc:h2:mem:junit_db'
2022-12-10 11:31:50,994 INFO o.h.j.i.u.LogHelper [main] HHH000204: Processing PersistenceUnitInfo [name: default]
2022-12-10 11:31:51,059 INFO o.h.Version [main] HHH000412: Hibernate ORM core version 6.1.5.Final
2022-12-10 11:31:51,250 WARN o.h.b.i.MetadataBuilderImpl$MetadataBuildingOptionsImpl [main] HHH90000021: Encountered deprecated setting [javax.persistence.sharedCache.mode], use [jakarta.persistence.sharedCache.mode] instead
2022-12-10 11:31:51,402 INFO o.h.e.j.d.i.DialectFactoryImpl [main] HHH000400: Using dialect: org.hibernate.dialect.H2Dialect
2022-12-10 11:31:52,192 INFO o.h.e.t.j.p.i.JtaPlatformInitiator [main] HHH000490: Using JtaPlatform implementation: [org.hibernate.engine.transaction.jta.platform.internal.NoJtaPlatform]
2022-12-10 11:31:52,201 INFO o.s.o.j.AbstractEntityManagerFactoryBean [main] Initialized JPA EntityManagerFactory for persistence unit 'default'
2022-12-10 11:32:49,795 WARN c.z.h.p.HikariPool$HouseKeeper [HikariPool-1 housekeeper] HikariPool-1 - Thread starvation or clock leap detected (housekeeper delta=58s902ms105µs500ns).
2022-12-10 11:32:50,247 WARN o.s.b.a.o.j.JpaBaseConfiguration$JpaWebConfiguration [main] spring.jpa.open-in-view is enabled by default. Therefore, database queries may be performed during view rendering. Explicitly configure spring.jpa.open-in-view to disable this warning
2022-12-10 11:32:50,646 INFO o.s.b.w.e.t.TomcatWebServer [main] Tomcat started on port(s): 9000 (http) with context path ''
2022-12-10 11:32:50,655 INFO o.s.b.StartupInfoLogger [main] Started AccountModule in 62.515 seconds (process running for 63.444)
2022-12-10 11:32:51,008 INFO o.s.o.j.AbstractEntityManagerFactoryBean [SpringApplicationShutdownHook] Closing JPA EntityManagerFactory for persistence unit 'default'
2022-12-10 11:32:51,009 INFO o.h.t.s.i.SchemaDropperImpl$DelayedDropActionImpl [SpringApplicationShutdownHook] HHH000477: Starting delayed evictData of schema as part of SessionFactory shut-down'
2022-12-10 11:33:37,633 INFO o.s.b.StartupInfoLogger [main] Starting AccountModule using Java 17.0.5 with PID 13812 (C:\GEN_SPARK\PROJECT\training_diary\account_module\target\classes started by User in C:\GEN_SPARK\PROJECT\training_diary\account_module)
2022-12-10 11:33:37,641 INFO o.s.b.SpringApplication [main] No active profile set, falling back to 1 default profile: "default"
2022-12-10 11:33:38,433 INFO o.s.d.r.c.RepositoryConfigurationDelegate [main] Bootstrapping Spring Data JPA repositories in DEFAULT mode.
2022-12-10 11:33:38,512 INFO o.s.d.r.c.RepositoryConfigurationDelegate [main] Finished Spring Data repository scanning in 70 ms. Found 1 JPA repository interfaces.
2022-12-10 11:33:39,331 INFO o.s.b.w.e.t.TomcatWebServer [main] Tomcat initialized with port(s): 9000 (http)
2022-12-10 11:33:39,345 INFO o.a.j.l.DirectJDKLog [main] Starting service [Tomcat]
2022-12-10 11:33:39,346 INFO o.a.j.l.DirectJDKLog [main] Starting Servlet engine: [Apache Tomcat/10.1.1]
2022-12-10 11:33:39,468 INFO o.a.j.l.DirectJDKLog [main] Initializing Spring embedded WebApplicationContext
2022-12-10 11:33:39,470 INFO o.s.b.w.s.c.ServletWebServerApplicationContext [main] Root WebApplicationContext: initialization completed in 1767 ms
2022-12-10 11:33:39,507 INFO c.z.h.HikariDataSource [main] HikariPool-1 - Starting...
2022-12-10 11:33:39,696 INFO c.z.h.p.HikariPool [main] HikariPool-1 - Added connection conn0: url=jdbc:h2:mem:junit_db user=SA
2022-12-10 11:33:39,698 INFO c.z.h.HikariDataSource [main] HikariPool-1 - Start completed.
2022-12-10 11:33:39,712 INFO o.s.b.a.h.H2ConsoleAutoConfiguration [main] H2 console available at '/h2-console'. Database available at 'jdbc:h2:mem:junit_db'
2022-12-10 11:33:39,891 INFO o.h.j.i.u.LogHelper [main] HHH000204: Processing PersistenceUnitInfo [name: default]
2022-12-10 11:33:39,959 INFO o.h.Version [main] HHH000412: Hibernate ORM core version 6.1.5.Final
2022-12-10 11:33:40,150 WARN o.h.b.i.MetadataBuilderImpl$MetadataBuildingOptionsImpl [main] HHH90000021: Encountered deprecated setting [javax.persistence.sharedCache.mode], use [jakarta.persistence.sharedCache.mode] instead
2022-12-10 11:33:40,307 INFO o.h.e.j.d.i.DialectFactoryImpl [main] HHH000400: Using dialect: org.hibernate.dialect.H2Dialect
2022-12-10 11:33:41,009 INFO o.h.e.t.j.p.i.JtaPlatformInitiator [main] HHH000490: Using JtaPlatform implementation: [org.hibernate.engine.transaction.jta.platform.internal.NoJtaPlatform]
2022-12-10 11:33:41,016 INFO o.s.o.j.AbstractEntityManagerFactoryBean [main] Initialized JPA EntityManagerFactory for persistence unit 'default'
2022-12-10 11:34:34,261 WARN c.z.h.p.HikariPool$HouseKeeper [HikariPool-1 housekeeper] HikariPool-1 - Thread starvation or clock leap detected (housekeeper delta=54s450ms287µs500ns).
2022-12-10 11:34:39,854 INFO o.s.b.StartupInfoLogger [main] Starting AccountModule using Java 17.0.5 with PID 13008 (C:\GEN_SPARK\PROJECT\training_diary\account_module\target\classes started by User in C:\GEN_SPARK\PROJECT\training_diary\account_module)
2022-12-10 11:34:39,862 INFO o.s.b.SpringApplication [main] No active profile set, falling back to 1 default profile: "default"
2022-12-10 11:34:40,642 INFO o.s.d.r.c.RepositoryConfigurationDelegate [main] Bootstrapping Spring Data JPA repositories in DEFAULT mode.
2022-12-10 11:34:40,717 INFO o.s.d.r.c.RepositoryConfigurationDelegate [main] Finished Spring Data repository scanning in 66 ms. Found 1 JPA repository interfaces.
2022-12-10 11:34:41,440 INFO o.s.b.w.e.t.TomcatWebServer [main] Tomcat initialized with port(s): 9000 (http)
2022-12-10 11:34:41,453 INFO o.a.j.l.DirectJDKLog [main] Starting service [Tomcat]
2022-12-10 11:34:41,453 INFO o.a.j.l.DirectJDKLog [main] Starting Servlet engine: [Apache Tomcat/10.1.1]
2022-12-10 11:34:41,595 INFO o.a.j.l.DirectJDKLog [main] Initializing Spring embedded WebApplicationContext
2022-12-10 11:34:41,598 INFO o.s.b.w.s.c.ServletWebServerApplicationContext [main] Root WebApplicationContext: initialization completed in 1675 ms
2022-12-10 11:34:41,633 INFO c.z.h.HikariDataSource [main] HikariPool-1 - Starting...
2022-12-10 11:34:41,810 INFO c.z.h.p.HikariPool [main] HikariPool-1 - Added connection conn0: url=jdbc:h2:mem:junit_db user=SA
2022-12-10 11:34:41,812 INFO c.z.h.HikariDataSource [main] HikariPool-1 - Start completed.
2022-12-10 11:34:41,836 INFO o.s.b.a.h.H2ConsoleAutoConfiguration [main] H2 console available at '/h2-console'. Database available at 'jdbc:h2:mem:junit_db'
2022-12-10 11:34:42,042 INFO o.h.j.i.u.LogHelper [main] HHH000204: Processing PersistenceUnitInfo [name: default]
2022-12-10 11:34:42,108 INFO o.h.Version [main] HHH000412: Hibernate ORM core version 6.1.5.Final
2022-12-10 11:34:42,311 WARN o.h.b.i.MetadataBuilderImpl$MetadataBuildingOptionsImpl [main] HHH90000021: Encountered deprecated setting [javax.persistence.sharedCache.mode], use [jakarta.persistence.sharedCache.mode] instead
2022-12-10 11:34:42,474 INFO o.h.e.j.d.i.DialectFactoryImpl [main] HHH000400: Using dialect: org.hibernate.dialect.H2Dialect
2022-12-10 11:34:43,244 INFO o.h.e.t.j.p.i.JtaPlatformInitiator [main] HHH000490: Using JtaPlatform implementation: [org.hibernate.engine.transaction.jta.platform.internal.NoJtaPlatform]
2022-12-10 11:34:43,252 INFO o.s.o.j.AbstractEntityManagerFactoryBean [main] Initialized JPA EntityManagerFactory for persistence unit 'default'
2022-12-10 11:35:31,981 WARN c.z.h.p.HikariPool$HouseKeeper [HikariPool-1 housekeeper] HikariPool-1 - Thread starvation or clock leap detected (housekeeper delta=50s60ms495µs800ns).
2022-12-10 11:35:32,417 WARN o.s.b.a.o.j.JpaBaseConfiguration$JpaWebConfiguration [main] spring.jpa.open-in-view is enabled by default. Therefore, database queries may be performed during view rendering. Explicitly configure spring.jpa.open-in-view to disable this warning
2022-12-10 11:35:32,792 INFO o.s.b.w.e.t.TomcatWebServer [main] Tomcat started on port(s): 9000 (http) with context path ''
2022-12-10 11:35:32,802 INFO o.s.b.StartupInfoLogger [main] Started AccountModule in 53.534 seconds (process running for 54.482)
2022-12-10 11:35:33,199 INFO o.s.o.j.AbstractEntityManagerFactoryBean [SpringApplicationShutdownHook] Closing JPA EntityManagerFactory for persistence unit 'default'
2022-12-10 11:35:33,200 INFO o.h.t.s.i.SchemaDropperImpl$DelayedDropActionImpl [SpringApplicationShutdownHook] HHH000477: Starting delayed evictData of schema as part of SessionFactory shut-down'
2022-12-10 12:21:18,889 INFO o.s.b.StartupInfoLogger [main] Starting AccountModule using Java 17.0.5 with PID 14816 (C:\GEN_SPARK\PROJECT\training_diary\account_module\target\classes started by User in C:\GEN_SPARK\PROJECT\training_diary\account_module)
2022-12-10 12:21:18,896 INFO o.s.b.SpringApplication [main] No active profile set, falling back to 1 default profile: "default"
2022-12-10 12:21:19,744 INFO o.s.d.r.c.RepositoryConfigurationDelegate [main] Bootstrapping Spring Data JPA repositories in DEFAULT mode.
2022-12-10 12:21:19,855 INFO o.s.d.r.c.RepositoryConfigurationDelegate [main] Finished Spring Data repository scanning in 99 ms. Found 1 JPA repository interfaces.
2022-12-10 12:21:20,595 INFO o.s.b.w.e.t.TomcatWebServer [main] Tomcat initialized with port(s): 9000 (http)
2022-12-10 12:21:20,607 INFO o.a.j.l.DirectJDKLog [main] Starting service [Tomcat]
2022-12-10 12:21:20,608 INFO o.a.j.l.DirectJDKLog [main] Starting Servlet engine: [Apache Tomcat/10.1.1]
2022-12-10 12:21:20,741 INFO o.a.j.l.DirectJDKLog [main] Initializing Spring embedded WebApplicationContext
2022-12-10 12:21:20,744 INFO o.s.b.w.s.c.ServletWebServerApplicationContext [main] Root WebApplicationContext: initialization completed in 1790 ms
2022-12-10 12:21:20,781 INFO c.z.h.HikariDataSource [main] HikariPool-1 - Starting...
2022-12-10 12:21:20,974 INFO c.z.h.p.HikariPool [main] HikariPool-1 - Added connection conn0: url=jdbc:h2:mem:junit_db user=SA
2022-12-10 12:21:20,976 INFO c.z.h.HikariDataSource [main] HikariPool-1 - Start completed.
2022-12-10 12:21:20,991 INFO o.s.b.a.h.H2ConsoleAutoConfiguration [main] H2 console available at '/h2-console'. Database available at 'jdbc:h2:mem:junit_db'
2022-12-10 12:21:21,188 INFO o.h.j.i.u.LogHelper [main] HHH000204: Processing PersistenceUnitInfo [name: default]
2022-12-10 12:21:21,253 INFO o.h.Version [main] HHH000412: Hibernate ORM core version 6.1.5.Final
2022-12-10 12:21:21,458 WARN o.h.b.i.MetadataBuilderImpl$MetadataBuildingOptionsImpl [main] HHH90000021: Encountered deprecated setting [javax.persistence.sharedCache.mode], use [jakarta.persistence.sharedCache.mode] instead
2022-12-10 12:21:21,625 INFO o.h.e.j.d.i.DialectFactoryImpl [main] HHH000400: Using dialect: org.hibernate.dialect.H2Dialect
2022-12-10 12:21:22,481 INFO o.h.e.t.j.p.i.JtaPlatformInitiator [main] HHH000490: Using JtaPlatform implementation: [org.hibernate.engine.transaction.jta.platform.internal.NoJtaPlatform]
2022-12-10 12:21:22,489 INFO o.s.o.j.AbstractEntityManagerFactoryBean [main] Initialized JPA EntityManagerFactory for persistence unit 'default'
2022-12-10 12:21:42,406 WARN o.s.b.a.o.j.JpaBaseConfiguration$JpaWebConfiguration [main] spring.jpa.open-in-view is enabled by default. Therefore, database queries may be performed during view rendering. Explicitly configure spring.jpa.open-in-view to disable this warning
2022-12-10 12:21:42,794 INFO o.s.b.w.e.t.TomcatWebServer [main] Tomcat started on port(s): 9000 (http) with context path ''
2022-12-10 12:21:42,807 INFO o.s.b.StartupInfoLogger [main] Started AccountModule in 24.47 seconds (process running for 25.299)
2022-12-10 12:22:05,937 INFO o.a.j.l.DirectJDKLog [http-nio-9000-exec-2] Initializing Spring DispatcherServlet 'dispatcherServlet'
2022-12-10 12:22:05,938 INFO o.s.w.s.FrameworkServlet [http-nio-9000-exec-2] Initializing Servlet 'dispatcherServlet'
2022-12-10 12:22:05,940 INFO o.s.w.s.FrameworkServlet [http-nio-9000-exec-2] Completed initialization in 1 ms
2022-12-10 12:23:22,957 ERROR c.s.e.r.a.MyController [http-nio-9000-exec-8] TEST EP
2022-12-10 12:29:50,497 ERROR c.s.e.r.a.MyController [http-nio-9000-exec-8] TEST EP
2022-12-10 12:32:46,665 INFO o.s.o.j.AbstractEntityManagerFactoryBean [SpringApplicationShutdownHook] Closing JPA EntityManagerFactory for persistence unit 'default'
2022-12-10 12:32:46,666 INFO o.h.t.s.i.SchemaDropperImpl$DelayedDropActionImpl [SpringApplicationShutdownHook] HHH000477: Starting delayed evictData of schema as part of SessionFactory shut-down'
2022-12-10 12:42:34,612 INFO o.s.b.StartupInfoLogger [main] Starting AccountModule using Java 17.0.5 with PID 10020 (C:\GEN_SPARK\PROJECT\training_diary\account_module\target\classes started by User in C:\GEN_SPARK\PROJECT\training_diary\account_module)
2022-12-10 12:42:34,618 INFO o.s.b.SpringApplication [main] No active profile set, falling back to 1 default profile: "default"
2022-12-10 12:42:35,443 INFO o.s.d.r.c.RepositoryConfigurationDelegate [main] Bootstrapping Spring Data JPA repositories in DEFAULT mode.
2022-12-10 12:42:35,530 INFO o.s.d.r.c.RepositoryConfigurationDelegate [main] Finished Spring Data repository scanning in 76 ms. Found 1 JPA repository interfaces.
2022-12-10 12:42:36,317 INFO o.s.b.w.e.t.TomcatWebServer [main] Tomcat initialized with port(s): 9000 (http)
2022-12-10 12:42:36,332 INFO o.a.j.l.DirectJDKLog [main] Starting service [Tomcat]
2022-12-10 12:42:36,333 INFO o.a.j.l.DirectJDKLog [main] Starting Servlet engine: [Apache Tomcat/10.1.1]
2022-12-10 12:42:36,462 INFO o.a.j.l.DirectJDKLog [main] Initializing Spring embedded WebApplicationContext
2022-12-10 12:42:36,465 INFO o.s.b.w.s.c.ServletWebServerApplicationContext [main] Root WebApplicationContext: initialization completed in 1778 ms
2022-12-10 12:42:36,501 INFO c.z.h.HikariDataSource [main] HikariPool-1 - Starting...
2022-12-10 12:42:36,695 INFO c.z.h.p.HikariPool [main] HikariPool-1 - Added connection conn0: url=jdbc:h2:mem:junit_db user=SA
2022-12-10 12:42:36,697 INFO c.z.h.HikariDataSource [main] HikariPool-1 - Start completed.
2022-12-10 12:42:36,718 INFO o.s.b.a.h.H2ConsoleAutoConfiguration [main] H2 console available at '/h2-console'. Database available at 'jdbc:h2:mem:junit_db'
2022-12-10 12:42:36,902 INFO o.h.j.i.u.LogHelper [main] HHH000204: Processing PersistenceUnitInfo [name: default]
2022-12-10 12:42:36,972 INFO o.h.Version [main] HHH000412: Hibernate ORM core version 6.1.5.Final
2022-12-10 12:42:37,172 WARN o.h.b.i.MetadataBuilderImpl$MetadataBuildingOptionsImpl [main] HHH90000021: Encountered deprecated setting [javax.persistence.sharedCache.mode], use [jakarta.persistence.sharedCache.mode] instead
2022-12-10 12:42:37,335 INFO o.h.e.j.d.i.DialectFactoryImpl [main] HHH000400: Using dialect: org.hibernate.dialect.H2Dialect
2022-12-10 12:42:38,137 INFO o.h.e.t.j.p.i.JtaPlatformInitiator [main] HHH000490: Using JtaPlatform implementation: [org.hibernate.engine.transaction.jta.platform.internal.NoJtaPlatform]
2022-12-10 12:42:38,145 INFO o.s.o.j.AbstractEntityManagerFactoryBean [main] Initialized JPA EntityManagerFactory for persistence unit 'default'
2022-12-10 12:42:38,568 WARN o.s.b.a.o.j.JpaBaseConfiguration$JpaWebConfiguration [main] spring.jpa.open-in-view is enabled by default. Therefore, database queries may be performed during view rendering. Explicitly configure spring.jpa.open-in-view to disable this warning
2022-12-10 12:42:38,941 INFO o.s.b.w.e.t.TomcatWebServer [main] Tomcat started on port(s): 9000 (http) with context path ''
2022-12-10 12:42:38,950 INFO o.s.b.StartupInfoLogger [main] Started AccountModule in 5.007 seconds (process running for 6.394)
2022-12-10 12:43:27,454 INFO o.a.j.l.DirectJDKLog [http-nio-9000-exec-2] Initializing Spring DispatcherServlet 'dispatcherServlet'
2022-12-10 12:43:27,454 INFO o.s.w.s.FrameworkServlet [http-nio-9000-exec-2] Initializing Servlet 'dispatcherServlet'
2022-12-10 12:43:27,456 INFO o.s.w.s.FrameworkServlet [http-nio-9000-exec-2] Completed initialization in 2 ms
2022-12-10 12:43:58,141 ERROR c.s.e.r.a.MyController [http-nio-9000-exec-8] TEST EP
2022-12-10 12:44:12,235 INFO o.s.o.j.AbstractEntityManagerFactoryBean [SpringApplicationShutdownHook] Closing JPA EntityManagerFactory for persistence unit 'default'
2022-12-10 12:44:12,236 INFO o.h.t.s.i.SchemaDropperImpl$DelayedDropActionImpl [SpringApplicationShutdownHook] HHH000477: Starting delayed evictData of schema as part of SessionFactory shut-down'
